<?xml version="1.0" encoding="UTF-8"?>
<!-- Generated by org.testng.reporters.JUnitXMLReporter -->
<testsuite ignored="2" hostname="DESKTOP-7B4FRLF" failures="0" tests="8" name="Surefire test" time="91.441" errors="0" timestamp="2024-02-25T18:23:35 MYT">
  <testcase classname="tests.android.LoginTest" name="invalidLogin_emptyUserNameTest" time="5.446"/>
  <testcase classname="tests.android.LoginTest" name="invalidLogin_emptyPasswordTest" time="3.251"/>
  <testcase classname="tests.android.LoginTest" name="invalidLogin_Test" time="3.588"/>
  <testcase classname="tests.android.LoginTest" name="invalidLogin_Test" time="3.688"/>
  <testcase classname="tests.android.LoginTest" name="validLoginTest" time="2.812"/>
  <testcase classname="tests.android.ProductsTest" name="ProductsValidateTest" time="13.953"/>
  <testcase classname="tests.android.RestAssuredTest" name="test_1" time="1.146"/>
  <testcase classname="tests.android.RestAssuredTest" name="test_2" time="0.539"/>
  <testcase classname="base.BaseTest" name="@BeforeSuite serverStart" time="0.0">
    <ignored/>
  </testcase> <!-- @BeforeSuite serverStart -->
  <testcase classname="base.BaseTest" name="@AfterSuite serverStop" time="0.0">
    <ignored/>
  </testcase> <!-- @AfterSuite serverStop -->
</testsuite> <!-- Surefire test -->
