<?xml version="1.0" encoding="UTF-8"?>
<!-- Generated by org.testng.reporters.JUnitXMLReporter -->
<testsuite ignored="0" hostname="DESKTOP-7B4FRLF" failures="0" tests="3" name="Default test" time="42.405" errors="0" timestamp="2024-02-28T00:52:42 MYT">
  <testcase classname="tests.android.TodoitsMobileTest" name="createTestProject" time="14.337"/>
  <testcase classname="tests.android.TodoitsMobileTest" name="createTask" time="10.563"/>
  <testcase classname="tests.android.TodoitsMobileTest" name="ReopenTask" time="7.871"/>
</testsuite> <!-- Default test -->
