<?xml version="1.0" encoding="UTF-8"?>
<!-- Generated by org.testng.reporters.JUnitXMLReporter -->
<testsuite ignored="0" hostname="DESKTOP-7B4FRLF" failures="0" tests="5" name="Default test" time="27.423" errors="0" timestamp="2024-02-25T15:10:53 MYT">
  <testcase classname="tests.android.LoginTest" name="invalidLogin_emptyUserNameTest" time="5.149"/>
  <testcase classname="tests.android.LoginTest" name="invalidLogin_emptyPasswordTest" time="3.268"/>
  <testcase classname="tests.android.LoginTest" name="invalidLogin_Test" time="3.344"/>
  <testcase classname="tests.android.LoginTest" name="invalidLogin_Test" time="2.856"/>
  <testcase classname="tests.android.LoginTest" name="validLoginTest" time="2.773"/>
</testsuite> <!-- Default test -->
