<?xml version="1.0" encoding="UTF-8"?>
<testng-results ignored="0" total="1" passed="1" failed="0" skipped="0">
  <reporter-output>
  </reporter-output>
  <suite started-at="2024-02-24T22:06:16 MYT" name="Surefire suite" finished-at="2024-02-24T22:06:43 MYT" duration-ms="27342">
    <groups>
    </groups>
    <test started-at="2024-02-24T22:06:16 MYT" name="Surefire test" finished-at="2024-02-24T22:06:43 MYT" duration-ms="27342">
      <class name="tests.android.LoginTest">
        <test-method is-config="true" signature="serverStart()[pri:0, instance:tests.android.LoginTest@4df50bcc]" started-at="2024-02-24T22:06:12 MYT" name="serverStart" finished-at="2024-02-24T22:06:16 MYT" duration-ms="3478" status="PASS">
          <reporter-output>
          </reporter-output>
        </test-method> <!-- serverStart -->
        <test-method is-config="true" signature="launchApp()[pri:0, instance:tests.android.LoginTest@4df50bcc]" started-at="2024-02-24T22:06:16 MYT" name="launchApp" finished-at="2024-02-24T22:06:43 MYT" duration-ms="27311" status="PASS">
          <reporter-output>
          </reporter-output>
        </test-method> <!-- launchApp -->
        <test-method signature="launchAPPtest()[pri:0, instance:tests.android.LoginTest@4df50bcc]" started-at="2024-02-24T22:06:43 MYT" name="launchAPPtest" finished-at="2024-02-24T22:06:43 MYT" duration-ms="2" status="PASS">
          <reporter-output>
          </reporter-output>
        </test-method> <!-- launchAPPtest -->
        <test-method is-config="true" signature="closeApp(org.testng.ITestResult)[pri:0, instance:tests.android.LoginTest@4df50bcc]" started-at="2024-02-24T22:06:43 MYT" name="closeApp" finished-at="2024-02-24T22:06:43 MYT" duration-ms="2" status="PASS">
          <params>
            <param index="0">
              <value>
                <![CDATA[[TestResult name=launchAPPtest status=SUCCESS method=LoginTest.launchAPPtest()[pri:0, instance:tests.android.LoginTest@4df50bcc] output={null}]]]>
              </value>
            </param>
          </params>
          <reporter-output>
          </reporter-output>
        </test-method> <!-- closeApp -->
        <test-method is-config="true" signature="serverStop()[pri:0, instance:tests.android.LoginTest@4df50bcc]" started-at="2024-02-24T22:06:43 MYT" name="serverStop" finished-at="2024-02-24T22:06:43 MYT" duration-ms="4" status="PASS">
          <reporter-output>
          </reporter-output>
        </test-method> <!-- serverStop -->
      </class> <!-- tests.android.LoginTest -->
    </test> <!-- Surefire test -->
  </suite> <!-- Surefire suite -->
</testng-results>
