<?xml version="1.0" encoding="UTF-8"?>
<testng-results ignored="0" total="1" passed="1" failed="0" skipped="0">
  <reporter-output>
  </reporter-output>
  <suite started-at="2024-02-24T20:49:25 MYT" name="Surefire suite" finished-at="2024-02-24T20:50:25 MYT" duration-ms="59479">
    <groups>
    </groups>
    <test started-at="2024-02-24T20:49:25 MYT" name="Surefire test" finished-at="2024-02-24T20:50:25 MYT" duration-ms="59479">
      <class name="tests.android.LoginTest">
        <test-method is-config="true" signature="serverStart()[pri:0, instance:tests.android.LoginTest@45018215]" started-at="2024-02-24T20:49:23 MYT" name="serverStart" finished-at="2024-02-24T20:49:25 MYT" duration-ms="2214" status="PASS">
          <reporter-output>
          </reporter-output>
        </test-method> <!-- serverStart -->
        <test-method is-config="true" signature="launchApp()[pri:0, instance:tests.android.LoginTest@45018215]" started-at="2024-02-24T20:49:25 MYT" name="launchApp" finished-at="2024-02-24T20:50:24 MYT" duration-ms="59427" status="PASS">
          <reporter-output>
          </reporter-output>
        </test-method> <!-- launchApp -->
        <test-method signature="launchAPPtest()[pri:0, instance:tests.android.LoginTest@45018215]" started-at="2024-02-24T20:50:24 MYT" name="launchAPPtest" finished-at="2024-02-24T20:50:25 MYT" duration-ms="5" status="PASS">
          <reporter-output>
          </reporter-output>
        </test-method> <!-- launchAPPtest -->
        <test-method is-config="true" signature="serverStop()[pri:0, instance:tests.android.LoginTest@45018215]" started-at="2024-02-24T20:50:25 MYT" name="serverStop" finished-at="2024-02-24T20:50:25 MYT" duration-ms="7" status="PASS">
          <reporter-output>
          </reporter-output>
        </test-method> <!-- serverStop -->
      </class> <!-- tests.android.LoginTest -->
    </test> <!-- Surefire test -->
  </suite> <!-- Surefire suite -->
</testng-results>
