<?xml version="1.0" encoding="UTF-8"?>
<testsuite xmlns:xsi="http://www.w3.org/2001/XMLSchema-instance" xsi:noNamespaceSchemaLocation="https://maven.apache.org/surefire/maven-surefire-plugin/xsd/surefire-test-report-3.0.xsd" version="3.0" name="TestSuite" time="95.403" tests="8" errors="0" skipped="0" failures="0">
  <properties>
[...]
</properties>
  <testcase name="invalidLogin_emptyUserNameTest" classname="tests.android.LoginTest" time="5.449">
    <system-out><![CDATA[before suite
Tried to attach logging to file 'C:\Users\Chan\OneDrive\Desktop\Test Automation\Question 1\Maven_todoits_project\Appiumlog.txt' but an error occurred: EBUSY: resource busy or locked, unlink 'C:\Users\Chan\OneDrive\Desktop\Test Automation\Question 1\Maven_todoits_project\Appiumlog.txt'
&amp#27;[35m[Appium]&amp#27;[39m Welcome to Appium v2.5.1
&amp#27;[35m[Appium]&amp#27;[39m Non-default server args:
&amp#27;[35m[Appium]&amp#27;[39m { address: &amp#27;[32m'127.0.0.1'&amp#27;[39m, localTimezone: &amp#27;[33mtrue&amp#27;[39m }
&amp#27;[35m[Appium]&amp#27;[39m The autodetected Appium home path: C:\Users\Chan
&amp#27;[35m[Appium]&amp#27;[39m Attempting to load driver uiautomator2...
&amp#27;[35m[Appium]&amp#27;[39m Requiring driver at C:\Users\Chan\node_modules\appium-uiautomator2-driver\build\index.js
&amp#27;[35m[Appium]&amp#27;[39m AndroidUiautomator2Driver has been successfully loaded in 1.415s
&amp#27;[35m[Appium]&amp#27;[39m Appium REST http interface listener started on http://127.0.0.1:4723
&amp#27;[35m[Appium]&amp#27;[39m Available drivers:
&amp#27;[35m[Appium]&amp#27;[39m   - uiautomator2@3.0.1 (automationName 'UiAutomator2')
&amp#27;[35m[Appium]&amp#27;[39m No plugins have been installed. Use the "appium plugin" command to install the one(s) you want to use.
&amp#27;[38;5;0m[HTTP]&amp#27;[0m &amp#27;[37m-->&amp#27;[39m &amp#27;[37mGET&amp#27;[39m &amp#27;[37m/status&amp#27;[39m
&amp#27;[38;5;0m[HTTP]&amp#27;[0m &amp#27;[90m{}&amp#27;[39m
&amp#27;[38;5;16m[AppiumDriver@4ee3]&amp#27;[0m Calling AppiumDriver.getStatus() with args: []
&amp#27;[38;5;16m[AppiumDriver@4ee3]&amp#27;[0m Responding to client with driver.getStatus() result: {"ready":true,"message":"The server is ready to accept new connections","build":{"version":"2.5.1"}}
http://127.0.0.1:4723/
&amp#27;[38;5;0m[HTTP]&amp#27;[0m &amp#27;[37m<-- GET /status &amp#27;[39m&amp#27;[32m200&amp#27;[39m &amp#27;[90m5 ms - 110&amp#27;[39m
&amp#27;[38;5;0m[HTTP]&amp#27;[0m &amp#27;[90m&amp#27;[39m
&amp#27;[38;5;0m[HTTP]&amp#27;[0m &amp#27;[37m-->&amp#27;[39m &amp#27;[37mGET&amp#27;[39m &amp#27;[37m/status&amp#27;[39m
&amp#27;[38;5;0m[HTTP]&amp#27;[0m &amp#27;[90m{}&amp#27;[39m
&amp#27;[38;5;16m[AppiumDriver@4ee3]&amp#27;[0m Calling AppiumDriver.getStatus() with args: []
&amp#27;[38;5;16m[AppiumDriver@4ee3]&amp#27;[0m Responding to client with driver.getStatus() result: {"ready":true,"message":"The server is ready to accept new connections","build":{"version":"2.5.1"}}
true
&amp#27;[38;5;0m[HTTP]&amp#27;[0m &amp#27;[37m<-- GET /status &amp#27;[39m&amp#27;[32m200&amp#27;[39m &amp#27;[90m1 ms - 110&amp#27;[39m
&amp#27;[38;5;0m[HTTP]&amp#27;[0m &amp#27;[90m&amp#27;[39m
before method
entering into launchapp
&amp#27;[38;5;0m[HTTP]&amp#27;[0m Request idempotency key: 2d403645-b55b-444b-aefc-e400b8ef5ba4
&amp#27;[38;5;0m[HTTP]&amp#27;[0m &amp#27;[37m-->&amp#27;[39m &amp#27;[37mPOST&amp#27;[39m &amp#27;[37m/session&amp#27;[39m
&amp#27;[38;5;0m[HTTP]&amp#27;[0m &amp#27;[90m{"capabilities":{"firstMatch":[{}],"alwaysMatch":{"appium:platformVersion":"14.0","appium:appActivity":".MainActivity","platformName":"ANDROID","appium:automationName":"UIAutomator2","appium:appPackage":"com.saucelabs.mydemoapp.rn","appium:deviceName":"sdk_gphone64_x86_64"}}}&amp#27;[39m
&amp#27;[38;5;16m[AppiumDriver@4ee3]&amp#27;[0m Calling AppiumDriver.createSession() with args: [null,null,{"firstMatch":[{}],"alwaysMatch":{"appium:platformVersion":"14.0","appium:appActivity":".MainActivity","platformName":"ANDROID","appium:automationName":"UIAutomator2","appium:appPackage":"com.saucelabs.mydemoapp.rn","appium:deviceName":"sdk_gphone64_x86_64"}}]
&amp#27;[38;5;16m[AppiumDriver@4ee3]&amp#27;[0m Event 'newSessionRequested' logged at 1708856524734 (18:22:04 GMT+0800 (Malaysia Time))
&amp#27;[35m[Appium]&amp#27;[39m Attempting to find matching driver for automationName 'UIAutomator2' and platformName 'ANDROID'
&amp#27;[35m[Appium]&amp#27;[39m The 'uiautomator2' driver was installed and matched caps.
&amp#27;[35m[Appium]&amp#27;[39m Will require it at C:\Users\Chan\node_modules\appium-uiautomator2-driver
&amp#27;[35m[Appium]&amp#27;[39m Requiring driver at C:\Users\Chan\node_modules\appium-uiautomator2-driver\build\index.js
&amp#27;[38;5;16m[AppiumDriver@4ee3]&amp#27;[0m Appium v2.5.1 creating new AndroidUiautomator2Driver (v3.0.1) session
&amp#27;[38;5;16m[AppiumDriver@4ee3]&amp#27;[0m Checking BaseDriver versions for Appium and AndroidUiautomator2Driver
&amp#27;[38;5;16m[AppiumDriver@4ee3]&amp#27;[0m Appium's BaseDriver version is 9.5.2
&amp#27;[38;5;16m[AppiumDriver@4ee3]&amp#27;[0m AndroidUiautomator2Driver's BaseDriver version is 9.5.2
&amp#27;[38;5;32m[AndroidUiautomator2Driver@8439]&amp#27;[0m Creating session with W3C capabilities: {
&amp#27;[38;5;32m[AndroidUiautomator2Driver@8439]&amp#27;[0m   "alwaysMatch": {
&amp#27;[38;5;32m[AndroidUiautomator2Driver@8439]&amp#27;[0m     "platformName": "ANDROID",
&amp#27;[38;5;32m[AndroidUiautomator2Driver@8439]&amp#27;[0m     "appium:platformVersion": "14.0",
&amp#27;[38;5;32m[AndroidUiautomator2Driver@8439]&amp#27;[0m     "appium:appActivity": ".MainActivity",
&amp#27;[38;5;32m[AndroidUiautomator2Driver@8439]&amp#27;[0m     "appium:automationName": "UIAutomator2",
&amp#27;[38;5;32m[AndroidUiautomator2Driver@8439]&amp#27;[0m     "appium:appPackage": "com.saucelabs.mydemoapp.rn",
&amp#27;[38;5;32m[AndroidUiautomator2Driver@8439]&amp#27;[0m     "appium:deviceName": "sdk_gphone64_x86_64"
&amp#27;[38;5;32m[AndroidUiautomator2Driver@8439]&amp#27;[0m   },
&amp#27;[38;5;32m[AndroidUiautomator2Driver@8439]&amp#27;[0m   "firstMatch": [
&amp#27;[38;5;32m[AndroidUiautomator2Driver@8439]&amp#27;[0m     {}
&amp#27;[38;5;32m[AndroidUiautomator2Driver@8439]&amp#27;[0m   ]
&amp#27;[38;5;32m[AndroidUiautomator2Driver@8439]&amp#27;[0m }
&amp#27;[38;5;32m[AndroidUiautomator2Driver@8439 (69a80692)]&amp#27;[0m Session created with session id: 69a80692-8b48-4960-bed1-a775e4e47f04
&amp#27;[38;5;48m[ADB]&amp#27;[0m Found 1 'build-tools' folders under 'C:\Users\Chan\AppData\Local\Android\Sdk' (newest first):
&amp#27;[38;5;48m[ADB]&amp#27;[0m     C:\Users\Chan\AppData\Local\Android\Sdk\build-tools\34.0.0
&amp#27;[38;5;48m[ADB]&amp#27;[0m Using 'adb.exe' from 'C:\Users\Chan\AppData\Local\Android\Sdk\platform-tools\adb.exe'
&amp#27;[38;5;48m[ADB]&amp#27;[0m Running 'C:\Users\Chan\AppData\Local\Android\Sdk\platform-tools\adb.exe -P 5037 start-server'
&amp#27;[38;5;32m[AndroidUiautomator2Driver@8439 (69a80692)]&amp#27;[0m Retrieving device list
&amp#27;[38;5;48m[ADB]&amp#27;[0m Trying to find connected Android devices
&amp#27;[38;5;48m[ADB]&amp#27;[0m Getting connected devices
&amp#27;[38;5;48m[ADB]&amp#27;[0m Connected devices: [{"udid":"emulator-5554","state":"device"}]
&amp#27;[38;5;32m[AndroidUiautomator2Driver@8439 (69a80692)]&amp#27;[0m Looking for a device with Android '14.0.0'
&amp#27;[38;5;48m[ADB]&amp#27;[0m Setting device id to emulator-5554
&amp#27;[38;5;48m[ADB]&amp#27;[0m Getting device platform version
&amp#27;[38;5;48m[ADB]&amp#27;[0m Running 'C:\Users\Chan\AppData\Local\Android\Sdk\platform-tools\adb.exe -P 5037 -s emulator-5554 shell getprop ro.build.version.release'
&amp#27;[38;5;48m[ADB]&amp#27;[0m Current device property 'ro.build.version.release': 14
&amp#27;[38;5;32m[AndroidUiautomator2Driver@8439 (69a80692)]&amp#27;[0m Using device: emulator-5554
&amp#27;[38;5;48m[ADB]&amp#27;[0m Using 'adb.exe' from 'C:\Users\Chan\AppData\Local\Android\Sdk\platform-tools\adb.exe'
&amp#27;[38;5;48m[ADB]&amp#27;[0m Running 'C:\Users\Chan\AppData\Local\Android\Sdk\platform-tools\adb.exe -P 5037 start-server'
&amp#27;[38;5;48m[ADB]&amp#27;[0m Setting device id to emulator-5554
&amp#27;[38;5;32m[AndroidUiautomator2Driver@8439 (69a80692)]&amp#27;[0m Starting 'com.saucelabs.mydemoapp.rn' directly on the device
&amp#27;[38;5;48m[ADB]&amp#27;[0m Running 'C:\Users\Chan\AppData\Local\Android\Sdk\platform-tools\adb.exe -P 5037 -s emulator-5554 shell getprop ro.build.version.sdk'
&amp#27;[38;5;48m[ADB]&amp#27;[0m Current device property 'ro.build.version.sdk': 34
&amp#27;[38;5;48m[ADB]&amp#27;[0m Getting device platform version
&amp#27;[38;5;48m[ADB]&amp#27;[0m Running 'C:\Users\Chan\AppData\Local\Android\Sdk\platform-tools\adb.exe -P 5037 -s emulator-5554 shell getprop ro.build.version.release'
&amp#27;[38;5;48m[ADB]&amp#27;[0m Current device property 'ro.build.version.release': 14
&amp#27;[38;5;48m[ADB]&amp#27;[0m Device API level: 34
&amp#27;[38;5;32m[AndroidUiautomator2Driver@8439 (69a80692)]&amp#27;[0m Relaxing hidden api policy
&amp#27;[38;5;48m[ADB]&amp#27;[0m Running 'C:\Users\Chan\AppData\Local\Android\Sdk\platform-tools\adb.exe -P 5037 -s emulator-5554 shell 'settings put global hidden_api_policy_pre_p_apps 1;settings put global hidden_api_policy_p_apps 1;settings put global hidden_api_policy 1''
&amp#27;[38;5;32m[AndroidUiautomator2Driver@8439 (69a80692)]&amp#27;[0m No app sent in, not parsing package/activity
&amp#27;[38;5;48m[ADB]&amp#27;[0m Running 'C:\Users\Chan\AppData\Local\Android\Sdk\platform-tools\adb.exe -P 5037 -s emulator-5554 wait-for-device'
&amp#27;[38;5;48m[ADB]&amp#27;[0m Running 'C:\Users\Chan\AppData\Local\Android\Sdk\platform-tools\adb.exe -P 5037 -s emulator-5554 shell echo ping'
&amp#27;[38;5;32m[AndroidUiautomator2Driver@8439 (69a80692)]&amp#27;[0m Pushing settings apk to the device...
&amp#27;[38;5;48m[ADB]&amp#27;[0m Getting package info for 'io.appium.settings'
&amp#27;[38;5;48m[ADB]&amp#27;[0m Running 'C:\Users\Chan\AppData\Local\Android\Sdk\platform-tools\adb.exe -P 5037 -s emulator-5554 shell dumpsys package io.appium.settings'
&amp#27;[38;5;48m[ADB]&amp#27;[0m The version name of the installed 'io.appium.settings' is greater or equal to the application version name ('5.7.5' >= '5.7.5')
&amp#27;[38;5;48m[ADB]&amp#27;[0m There is no need to install/upgrade 'C:\Users\Chan\node_modules\appium-uiautomator2-driver\node_modules\io.appium.settings\apks\settings_apk-debug.apk'
&amp#27;[38;5;48m[ADB]&amp#27;[0m Running 'C:\Users\Chan\AppData\Local\Android\Sdk\platform-tools\adb.exe -P 5037 -s emulator-5554 shell dumpsys activity services io.appium.settings'
&amp#27;[38;5;32m[AndroidUiautomator2Driver@8439 (69a80692)]&amp#27;[0m io.appium.settings is already running. There is no need to reset its permissions.
&amp#27;[38;5;64m[Logcat]&amp#27;[0m Starting logs capture with command: C:\\Users\\Chan\\AppData\\Local\\Android\\Sdk\\platform-tools\\adb.exe -P 5037 -s emulator-5554 logcat -v threadtime
&amp#27;[38;5;32m[AndroidUiautomator2Driver@8439 (69a80692)]&amp#27;[0m Forwarding UiAutomator2 Server port 6790 to local port 8210
&amp#27;[38;5;48m[ADB]&amp#27;[0m Forwarding system: 8210 to device: 6790
&amp#27;[38;5;48m[ADB]&amp#27;[0m Running 'C:\Users\Chan\AppData\Local\Android\Sdk\platform-tools\adb.exe -P 5037 -s emulator-5554 forward tcp:8210 tcp:6790'
&amp#27;[38;5;32m[AndroidUiautomator2Driver@8439 (69a80692)]&amp#27;[0m No app capability. Assuming it is already on the device
&amp#27;[38;5;48m[ADB]&amp#27;[0m Getting install status for com.saucelabs.mydemoapp.rn
&amp#27;[38;5;48m[ADB]&amp#27;[0m Running 'C:\Users\Chan\AppData\Local\Android\Sdk\platform-tools\adb.exe -P 5037 -s emulator-5554 shell pm path com.saucelabs.mydemoapp.rn'
&amp#27;[38;5;48m[ADB]&amp#27;[0m Checking app cert for C:\Users\Chan\node_modules\appium-uiautomator2-driver\node_modules\appium-uiautomator2-server\apks\appium-uiautomator2-server-v7.0.1.apk
&amp#27;[38;5;48m[ADB]&amp#27;[0m Checking app cert for C:\Users\Chan\node_modules\appium-uiautomator2-driver\node_modules\appium-uiautomator2-server\apks\appium-uiautomator2-server-debug-androidTest.apk
&amp#27;[38;5;48m[ADB]&amp#27;[0m Using 'apksigner.jar' from 'C:\Users\Chan\AppData\Local\Android\Sdk\build-tools\34.0.0\lib\apksigner.jar'
&amp#27;[38;5;48m[ADB]&amp#27;[0m Starting apksigner: 'C:\\Program Files\\Java\\jdk-21\\bin\\java.exe' -Xmx1024M -Xss1m -jar C:\\Users\\Chan\\AppData\\Local\\Android\\Sdk\\build-tools\\34.0.0\\lib\\apksigner.jar verify --print-certs C:\\Users\\Chan\\node_modules\\appium-uiautomator2-driver\\node_modules\\appium-uiautomator2-server\\apks\\appium-uiautomator2-server-debug-androidTest.apk
&amp#27;[38;5;48m[ADB]&amp#27;[0m Starting apksigner: 'C:\\Program Files\\Java\\jdk-21\\bin\\java.exe' -Xmx1024M -Xss1m -jar C:\\Users\\Chan\\AppData\\Local\\Android\\Sdk\\build-tools\\34.0.0\\lib\\apksigner.jar verify --print-certs C:\\Users\\Chan\\node_modules\\appium-uiautomator2-driver\\node_modules\\appium-uiautomator2-server\\apks\\appium-uiautomator2-server-v7.0.1.apk
&amp#27;[38;5;48m[ADB]&amp#27;[0m 'com.saucelabs.mydemoapp.rn' is installed
&amp#27;[38;5;48m[ADB]&amp#27;[0m Running 'C:\Users\Chan\AppData\Local\Android\Sdk\platform-tools\adb.exe -P 5037 -s emulator-5554 shell am force-stop com.saucelabs.mydemoapp.rn'
&amp#27;[38;5;48m[ADB]&amp#27;[0m apksigner stdout: Signer #1 certificate DN: EMAILADDRESS=android@android.com, CN=Android, OU=Android, O=Android, L=Mountain View, ST=California, C=US
&amp#27;[38;5;48m[ADB]&amp#27;[0m Signer #1 certificate SHA-256 digest: a40da80a59d170caa950cf15c18c454d47a39b26989d8b640ecd745ba71bf5dc
&amp#27;[38;5;48m[ADB]&amp#27;[0m Signer #1 certificate SHA-1 digest: 61ed377e85d386a8dfee6b864bd85b0bfaa5af81
&amp#27;[38;5;48m[ADB]&amp#27;[0m Signer #1 certificate MD5 digest: e89b158e4bcf988ebd09eb83f5378e87
&amp#27;[38;5;48m[ADB]&amp#27;[0m 
&amp#27;[38;5;48m[ADB]&amp#27;[0m sha256 hash did match for 'appium-uiautomator2-server-debug-androidTest.apk'
&amp#27;[38;5;48m[ADB]&amp#27;[0m 'C:\Users\Chan\node_modules\appium-uiautomator2-driver\node_modules\appium-uiautomator2-server\apks\appium-uiautomator2-server-debug-androidTest.apk' is signed with the default certificate
&amp#27;[38;5;48m[ADB]&amp#27;[0m Getting install status for io.appium.uiautomator2.server.test
&amp#27;[38;5;48m[ADB]&amp#27;[0m Running 'C:\Users\Chan\AppData\Local\Android\Sdk\platform-tools\adb.exe -P 5037 -s emulator-5554 shell pm path io.appium.uiautomator2.server.test'
&amp#27;[38;5;48m[ADB]&amp#27;[0m Running 'C:\Users\Chan\AppData\Local\Android\Sdk\platform-tools\adb.exe -P 5037 -s emulator-5554 shell pm clear com.saucelabs.mydemoapp.rn'
&amp#27;[38;5;48m[ADB]&amp#27;[0m 'io.appium.uiautomator2.server.test' is installed
&amp#27;[38;5;48m[ADB]&amp#27;[0m apksigner stdout: Signer #1 certificate DN: EMAILADDRESS=android@android.com, CN=Android, OU=Android, O=Android, L=Mountain View, ST=California, C=US
&amp#27;[38;5;48m[ADB]&amp#27;[0m Signer #1 certificate SHA-256 digest: a40da80a59d170caa950cf15c18c454d47a39b26989d8b640ecd745ba71bf5dc
&amp#27;[38;5;48m[ADB]&amp#27;[0m Signer #1 certificate SHA-1 digest: 61ed377e85d386a8dfee6b864bd85b0bfaa5af81
&amp#27;[38;5;48m[ADB]&amp#27;[0m Signer #1 certificate MD5 digest: e89b158e4bcf988ebd09eb83f5378e87
&amp#27;[38;5;48m[ADB]&amp#27;[0m 
&amp#27;[38;5;48m[ADB]&amp#27;[0m sha256 hash did match for 'appium-uiautomator2-server-v7.0.1.apk'
&amp#27;[38;5;48m[ADB]&amp#27;[0m 'C:\Users\Chan\node_modules\appium-uiautomator2-driver\node_modules\appium-uiautomator2-server\apks\appium-uiautomator2-server-v7.0.1.apk' is signed with the default certificate
&amp#27;[38;5;48m[ADB]&amp#27;[0m Getting package info for 'io.appium.uiautomator2.server'
&amp#27;[38;5;48m[ADB]&amp#27;[0m Running 'C:\Users\Chan\AppData\Local\Android\Sdk\platform-tools\adb.exe -P 5037 -s emulator-5554 shell dumpsys package io.appium.uiautomator2.server'
&amp#27;[38;5;48m[ADB]&amp#27;[0m The installed 'io.appium.uiautomator2.server' package is older than 'C:\Users\Chan\node_modules\appium-uiautomator2-driver\node_modules\appium-uiautomator2-server\apks\appium-uiautomator2-server-v7.0.1.apk' (95 < 163 or '4.27.0' < '7.0.1')'
&amp#27;[38;5;32m[AndroidUiautomator2Driver@8439 (69a80692)]&amp#27;[0m Server packages status: [{"wasSigned":true,"installState":"olderVersionInstalled","appPath":"C:\\Users\\Chan\\node_modules\\appium-uiautomator2-driver\\node_modules\\appium-uiautomator2-server\\apks\\appium-uiautomator2-server-v7.0.1.apk","appId":"io.appium.uiautomator2.server"},{"wasSigned":true,"installState":"sameVersionInstalled","appPath":"C:\\Users\\Chan\\node_modules\\appium-uiautomator2-driver\\node_modules\\appium-uiautomator2-server\\apks\\appium-uiautomator2-server-debug-androidTest.apk","appId":"io.appium.uiautomator2.server.test"}]
&amp#27;[38;5;32m[AndroidUiautomator2Driver@8439 (69a80692)]&amp#27;[0m Server packages are going to be (re)installed
&amp#27;[38;5;48m[ADB]&amp#27;[0m Running 'C:\Users\Chan\AppData\Local\Android\Sdk\platform-tools\adb.exe -P 5037 -s emulator-5554 version'
&amp#27;[38;5;48m[ADB]&amp#27;[0m Running 'C:\Users\Chan\AppData\Local\Android\Sdk\platform-tools\adb.exe -P 5037 -s emulator-5554 features'
&amp#27;[38;5;48m[ADB]&amp#27;[0m Running 'C:\Users\Chan\AppData\Local\Android\Sdk\platform-tools\adb.exe -P 5037 -s emulator-5554 help'
&amp#27;[38;5;48m[ADB]&amp#27;[0m Running 'C:\Users\Chan\AppData\Local\Android\Sdk\platform-tools\adb.exe -P 5037 -s emulator-5554 help'
&amp#27;[38;5;48m[ADB]&amp#27;[0m The application at 'C:\Users\Chan\node_modules\appium-uiautomator2-driver\node_modules\appium-uiautomator2-server\apks\appium-uiautomator2-server-v7.0.1.apk' will not be cached, because the device under test has confirmed the support of streamed installs
&amp#27;[38;5;48m[ADB]&amp#27;[0m Running 'C:\Users\Chan\AppData\Local\Android\Sdk\platform-tools\adb.exe -P 5037 -s emulator-5554 install -r --no-incremental C:\Users\Chan\node_modules\appium-uiautomator2-driver\node_modules\appium-uiautomator2-server\apks\appium-uiautomator2-server-v7.0.1.apk'
&amp#27;[38;5;48m[ADB]&amp#27;[0m The application at 'C:\Users\Chan\node_modules\appium-uiautomator2-driver\node_modules\appium-uiautomator2-server\apks\appium-uiautomator2-server-debug-androidTest.apk' will not be cached, because the device under test has confirmed the support of streamed installs
&amp#27;[38;5;48m[ADB]&amp#27;[0m Running 'C:\Users\Chan\AppData\Local\Android\Sdk\platform-tools\adb.exe -P 5037 -s emulator-5554 install -r --no-incremental C:\Users\Chan\node_modules\appium-uiautomator2-driver\node_modules\appium-uiautomator2-server\apks\appium-uiautomator2-server-debug-androidTest.apk'
&amp#27;[38;5;32m[AndroidUiautomator2Driver@8439 (69a80692)]&amp#27;[0m Performed fast reset on the installed 'com.saucelabs.mydemoapp.rn' application (stop and clear)
&amp#27;[38;5;0m[HTTP]&amp#27;[0m &amp#27;[37m-->&amp#27;[39m &amp#27;[37mGET&amp#27;[39m &amp#27;[37m/wd/hub/session/e7028da6-4f22-49a0-b002-4f18d714f487/timeouts&amp#27;[39m
&amp#27;[38;5;0m[HTTP]&amp#27;[0m &amp#27;[90m{}&amp#27;[39m
&amp#27;[38;5;0m[HTTP]&amp#27;[0m No route found for /wd/hub/session/e7028da6-4f22-49a0-b002-4f18d714f487/timeouts
&amp#27;[38;5;0m[HTTP]&amp#27;[0m &amp#27;[37m<-- GET /wd/hub/session/e7028da6-4f22-49a0-b002-4f18d714f487/timeouts &amp#27;[39m&amp#27;[33m404&amp#27;[39m &amp#27;[90m6 ms - 262&amp#27;[39m
&amp#27;[38;5;0m[HTTP]&amp#27;[0m &amp#27;[90m&amp#27;[39m
&amp#27;[38;5;48m[ADB]&amp#27;[0m The installation of 'appium-uiautomator2-server-debug-androidTest.apk' took 3646ms
&amp#27;[38;5;48m[ADB]&amp#27;[0m Install command stdout: Performing Streamed Install
&amp#27;[38;5;48m[ADB]&amp#27;[0m Success
&amp#27;[38;5;48m[ADB]&amp#27;[0m The installation of 'appium-uiautomator2-server-v7.0.1.apk' took 5163ms
&amp#27;[38;5;48m[ADB]&amp#27;[0m Install command stdout: Performing Streamed Install
&amp#27;[38;5;48m[ADB]&amp#27;[0m Success
&amp#27;[38;5;32m[AndroidUiautomator2Driver@8439 (69a80692)]&amp#27;[0m Waiting up to 30000ms for services to be available
&amp#27;[38;5;48m[ADB]&amp#27;[0m Running 'C:\Users\Chan\AppData\Local\Android\Sdk\platform-tools\adb.exe -P 5037 -s emulator-5554 shell pm list instrumentation'
&amp#27;[38;5;32m[AndroidUiautomator2Driver@8439 (69a80692)]&amp#27;[0m Instrumentation target 'io.appium.uiautomator2.server.test/androidx.test.runner.AndroidJUnitRunner' is available
&amp#27;[38;5;48m[ADB]&amp#27;[0m Adding packages ["io.appium.settings","io.appium.uiautomator2.server","io.appium.uiautomator2.server.test"] to Doze whitelist
&amp#27;[38;5;48m[ADB]&amp#27;[0m Got the following command chunks to execute: [["dumpsys","deviceidle","whitelist","+io.appium.settings",";","dumpsys","deviceidle","whitelist","+io.appium.uiautomator2.server",";","dumpsys","deviceidle","whitelist","+io.appium.uiautomator2.server.test",";"]]
&amp#27;[38;5;48m[ADB]&amp#27;[0m Running 'C:\Users\Chan\AppData\Local\Android\Sdk\platform-tools\adb.exe -P 5037 -s emulator-5554 shell dumpsys deviceidle whitelist +io.appium.settings ; dumpsys deviceidle whitelist +io.appium.uiautomator2.server ; dumpsys deviceidle whitelist +io.appium.uiautomator2.server.test ;'
&amp#27;[38;5;32m[AndroidUiautomator2Driver@8439 (69a80692)]&amp#27;[0m Performing shallow cleanup of automation leftovers
&amp#27;[38;5;32m[AndroidUiautomator2Driver@8439 (69a80692)]&amp#27;[0m No obsolete sessions have been detected (socket hang up)
&amp#27;[38;5;48m[ADB]&amp#27;[0m Running 'C:\Users\Chan\AppData\Local\Android\Sdk\platform-tools\adb.exe -P 5037 -s emulator-5554 shell am force-stop io.appium.uiautomator2.server.test'
&amp#27;[38;5;32m[AndroidUiautomator2Driver@8439 (69a80692)]&amp#27;[0m Starting UIAutomator2 server 7.0.1
&amp#27;[38;5;32m[AndroidUiautomator2Driver@8439 (69a80692)]&amp#27;[0m Using UIAutomator2 server from 'C:\Users\Chan\node_modules\appium-uiautomator2-driver\node_modules\appium-uiautomator2-server\apks\appium-uiautomator2-server-v7.0.1.apk' and test from 'C:\Users\Chan\node_modules\appium-uiautomator2-driver\node_modules\appium-uiautomator2-server\apks\appium-uiautomator2-server-debug-androidTest.apk'
&amp#27;[38;5;32m[AndroidUiautomator2Driver@8439 (69a80692)]&amp#27;[0m Waiting up to 30000ms for UiAutomator2 to be online...
&amp#27;[38;5;48m[ADB]&amp#27;[0m Creating ADB subprocess with args: ["-P","5037","-s","emulator-5554","shell","am","instrument","-w","-e","disableAnalytics","true","io.appium.uiautomator2.server.test/androidx.test.runner.AndroidJUnitRunner"]
&amp#27;[38;5;32m[AndroidUiautomator2Driver@8439 (69a80692)]&amp#27;[0m Matched '/status' to command name 'getStatus'
&amp#27;[38;5;32m[AndroidUiautomator2Driver@8439 (69a80692)]&amp#27;[0m Proxying [GET /status] to [GET http://127.0.0.1:8210/status] with no body
&amp#27;[38;5;32m[AndroidUiautomator2Driver@8439 (69a80692)]&amp#27;[0m socket hang up
&amp#27;[38;5;32m[AndroidUiautomator2Driver@8439 (69a80692)]&amp#27;[0m Matched '/status' to command name 'getStatus'
&amp#27;[38;5;32m[AndroidUiautomator2Driver@8439 (69a80692)]&amp#27;[0m Proxying [GET /status] to [GET http://127.0.0.1:8210/status] with no body
&amp#27;[38;5;32m[AndroidUiautomator2Driver@8439 (69a80692)]&amp#27;[0m socket hang up
&amp#27;[38;5;32m[AndroidUiautomator2Driver@8439 (69a80692)]&amp#27;[0m Matched '/status' to command name 'getStatus'
&amp#27;[38;5;32m[AndroidUiautomator2Driver@8439 (69a80692)]&amp#27;[0m Proxying [GET /status] to [GET http://127.0.0.1:8210/status] with no body
&amp#27;[38;5;32m[AndroidUiautomator2Driver@8439 (69a80692)]&amp#27;[0m socket hang up
&amp#27;[38;5;32m[AndroidUiautomator2Driver@8439 (69a80692)]&amp#27;[0m Matched '/status' to command name 'getStatus'
&amp#27;[38;5;32m[AndroidUiautomator2Driver@8439 (69a80692)]&amp#27;[0m Proxying [GET /status] to [GET http://127.0.0.1:8210/status] with no body
&amp#27;[38;5;32m[AndroidUiautomator2Driver@8439 (69a80692)]&amp#27;[0m socket hang up
&amp#27;[38;5;32m[AndroidUiautomator2Driver@8439 (69a80692)]&amp#27;[0m Matched '/status' to command name 'getStatus'
&amp#27;[38;5;32m[AndroidUiautomator2Driver@8439 (69a80692)]&amp#27;[0m Proxying [GET /status] to [GET http://127.0.0.1:8210/status] with no body
&amp#27;[38;5;32m[AndroidUiautomator2Driver@8439 (69a80692)]&amp#27;[0m socket hang up
&amp#27;[38;5;32m[AndroidUiautomator2Driver@8439 (69a80692)]&amp#27;[0m Matched '/status' to command name 'getStatus'
&amp#27;[38;5;32m[AndroidUiautomator2Driver@8439 (69a80692)]&amp#27;[0m Proxying [GET /status] to [GET http://127.0.0.1:8210/status] with no body
&amp#27;[38;5;32m[AndroidUiautomator2Driver@8439 (69a80692)]&amp#27;[0m socket hang up
&amp#27;[38;5;32m[AndroidUiautomator2Driver@8439 (69a80692)]&amp#27;[0m Matched '/status' to command name 'getStatus'
&amp#27;[38;5;32m[AndroidUiautomator2Driver@8439 (69a80692)]&amp#27;[0m Proxying [GET /status] to [GET http://127.0.0.1:8210/status] with no body
&amp#27;[38;5;32m[AndroidUiautomator2Driver@8439 (69a80692)]&amp#27;[0m socket hang up
&amp#27;[38;5;32m[AndroidUiautomator2Driver@8439 (69a80692)]&amp#27;[0m Matched '/status' to command name 'getStatus'
&amp#27;[38;5;32m[AndroidUiautomator2Driver@8439 (69a80692)]&amp#27;[0m Proxying [GET /status] to [GET http://127.0.0.1:8210/status] with no body
&amp#27;[38;5;32m[AndroidUiautomator2Driver@8439 (69a80692)]&amp#27;[0m socket hang up
&amp#27;[38;5;32m[AndroidUiautomator2Driver@8439 (69a80692)]&amp#27;[0m Matched '/status' to command name 'getStatus'
&amp#27;[38;5;32m[AndroidUiautomator2Driver@8439 (69a80692)]&amp#27;[0m Proxying [GET /status] to [GET http://127.0.0.1:8210/status] with no body
&amp#27;[38;5;32m[AndroidUiautomator2Driver@8439 (69a80692)]&amp#27;[0m socket hang up
&amp#27;[38;5;32m[AndroidUiautomator2Driver@8439 (69a80692)]&amp#27;[0m Matched '/status' to command name 'getStatus'
&amp#27;[38;5;32m[AndroidUiautomator2Driver@8439 (69a80692)]&amp#27;[0m Proxying [GET /status] to [GET http://127.0.0.1:8210/status] with no body
&amp#27;[38;5;32m[AndroidUiautomator2Driver@8439 (69a80692)]&amp#27;[0m socket hang up
&amp#27;[38;5;32m[AndroidUiautomator2Driver@8439 (69a80692)]&amp#27;[0m Matched '/status' to command name 'getStatus'
&amp#27;[38;5;32m[AndroidUiautomator2Driver@8439 (69a80692)]&amp#27;[0m Proxying [GET /status] to [GET http://127.0.0.1:8210/status] with no body
&amp#27;[38;5;32m[AndroidUiautomator2Driver@8439 (69a80692)]&amp#27;[0m socket hang up
&amp#27;[38;5;32m[AndroidUiautomator2Driver@8439 (69a80692)]&amp#27;[0m Matched '/status' to command name 'getStatus'
&amp#27;[38;5;32m[AndroidUiautomator2Driver@8439 (69a80692)]&amp#27;[0m Proxying [GET /status] to [GET http://127.0.0.1:8210/status] with no body
&amp#27;[38;5;32m[AndroidUiautomator2Driver@8439 (69a80692)]&amp#27;[0m socket hang up
&amp#27;[38;5;80m[Instrumentation]&amp#27;[0m io.appium.uiautomator2.server.test.AppiumUiAutomator2Server:
&amp#27;[38;5;32m[AndroidUiautomator2Driver@8439 (69a80692)]&amp#27;[0m Matched '/status' to command name 'getStatus'
&amp#27;[38;5;32m[AndroidUiautomator2Driver@8439 (69a80692)]&amp#27;[0m Proxying [GET /status] to [GET http://127.0.0.1:8210/status] with no body
&amp#27;[38;5;32m[AndroidUiautomator2Driver@8439 (69a80692)]&amp#27;[0m socket hang up
&amp#27;[38;5;32m[AndroidUiautomator2Driver@8439 (69a80692)]&amp#27;[0m Matched '/status' to command name 'getStatus'
&amp#27;[38;5;32m[AndroidUiautomator2Driver@8439 (69a80692)]&amp#27;[0m Proxying [GET /status] to [GET http://127.0.0.1:8210/status] with no body
&amp#27;[38;5;32m[AndroidUiautomator2Driver@8439 (69a80692)]&amp#27;[0m socket hang up
&amp#27;[38;5;32m[AndroidUiautomator2Driver@8439 (69a80692)]&amp#27;[0m Matched '/status' to command name 'getStatus'
&amp#27;[38;5;32m[AndroidUiautomator2Driver@8439 (69a80692)]&amp#27;[0m Proxying [GET /status] to [GET http://127.0.0.1:8210/status] with no body
&amp#27;[38;5;32m[AndroidUiautomator2Driver@8439 (69a80692)]&amp#27;[0m Got response with status 200: {"sessionId":"None","value":{"message":"UiAutomator2 Server is ready to accept commands","ready":true}}
&amp#27;[38;5;32m[AndroidUiautomator2Driver@8439 (69a80692)]&amp#27;[0m The initialization of the instrumentation process took 15218ms
&amp#27;[38;5;32m[AndroidUiautomator2Driver@8439 (69a80692)]&amp#27;[0m Matched '/session' to command name 'createSession'
&amp#27;[38;5;32m[AndroidUiautomator2Driver@8439 (69a80692)]&amp#27;[0m Proxying [POST /session] to [POST http://127.0.0.1:8210/session] with body: {"capabilities":{"firstMatch":[{"platformName":"ANDROID","platformVersion":"14.0","appActivity":".MainActivity","automationName":"UIAutomator2","appPackage":"com.saucelabs.mydemoapp.rn","deviceName":"emulator-5554","platform":"LINUX","webStorageEnabled":false,"takesScreenshot":true,"javascriptEnabled":true,"databaseEnabled":false,"networkConnectionEnabled":true,"locationContextEnabled":false,"warnings":{},"desired":{"platformName":"ANDROID","platformVersion":"14.0","appActivity":".MainActivity","automationName":"UIAutomator2","appPackage":"com.saucelabs.mydemoapp.rn","deviceName":"sdk_gphone64_x86_64"},"deviceUDID":"emulator-5554"}],"alwaysMatch":{}}}
&amp#27;[38;5;32m[AndroidUiautomator2Driver@8439 (69a80692)]&amp#27;[0m Got response with status 200: {"sessionId":"ea8caee1-7a71-4bd5-bbc7-80fa77de32af","value":{"capabilities":{"firstMatch":[{"platformName":"ANDROID","platformVersion":"14.0","appActivity":".MainActivity","automationName":"UIAutomator2","appPackage":"com.saucelabs.mydemoapp.rn","deviceName":"emulator-5554","platform":"LINUX","webStorageEnabled":false,"takesScreenshot":true,"javascriptEnabled":true,"databaseEnabled":false,"networkConnectionEnabled":true,"locationContextEnabled":false,"warnings":{},"desired":{"platformName":"ANDROID","platformVersion":"14.0","appActivity":".MainActivity","automationName":"UIAutomator2","appPackage":"com.saucelabs.mydemoapp.rn","deviceName":"sdk_gphone64_x86_64"},"deviceUDID":"emulator-5554"}],"alwaysMatch":{}},"sessionId":"ea8caee1-7a71-4bd5-bbc7-80fa77de32af"}}
&amp#27;[38;5;32m[AndroidUiautomator2Driver@8439 (69a80692)]&amp#27;[0m Determined the downstream protocol as 'W3C'
&amp#27;[38;5;32m[AndroidUiautomator2Driver@8439 (69a80692)]&amp#27;[0m Proxying [GET /appium/device/pixel_ratio] to [GET http://127.0.0.1:8210/session/ea8caee1-7a71-4bd5-bbc7-80fa77de32af/appium/device/pixel_ratio] with no body
&amp#27;[38;5;32m[AndroidUiautomator2Driver@8439 (69a80692)]&amp#27;[0m Matched '/appium/device/system_bars' to command name 'getSystemBars'
&amp#27;[38;5;32m[AndroidUiautomator2Driver@8439 (69a80692)]&amp#27;[0m Proxying [GET /appium/device/system_bars] to [GET http://127.0.0.1:8210/session/ea8caee1-7a71-4bd5-bbc7-80fa77de32af/appium/device/system_bars] with no body
&amp#27;[38;5;32m[AndroidUiautomator2Driver@8439 (69a80692)]&amp#27;[0m Matched '/window/current/size' to command name 'getWindowSize'
&amp#27;[38;5;32m[AndroidUiautomator2Driver@8439 (69a80692)]&amp#27;[0m Proxying [GET /window/current/size] to [GET http://127.0.0.1:8210/session/ea8caee1-7a71-4bd5-bbc7-80fa77de32af/window/current/size] with no body
&amp#27;[38;5;32m[AndroidUiautomator2Driver@8439 (69a80692)]&amp#27;[0m Proxying [GET /appium/device/info] to [GET http://127.0.0.1:8210/session/ea8caee1-7a71-4bd5-bbc7-80fa77de32af/appium/device/info] with no body
&amp#27;[38;5;48m[ADB]&amp#27;[0m Running 'C:\Users\Chan\AppData\Local\Android\Sdk\platform-tools\adb.exe -P 5037 -s emulator-5554 shell dumpsys window'
&amp#27;[38;5;32m[AndroidUiautomator2Driver@8439 (69a80692)]&amp#27;[0m Got response with status 200: {"sessionId":"ea8caee1-7a71-4bd5-bbc7-80fa77de32af","value":2.625}
&amp#27;[38;5;32m[AndroidUiautomator2Driver@8439 (69a80692)]&amp#27;[0m Got response with status 200: {"sessionId":"ea8caee1-7a71-4bd5-bbc7-80fa77de32af","value":{"height":2400,"width":1080}}
&amp#27;[38;5;32m[AndroidUiautomator2Driver@8439 (69a80692)]&amp#27;[0m Got response with status 200: {"sessionId":"ea8caee1-7a71-4bd5-bbc7-80fa77de32af","value":{"statusBar":63}}
&amp#27;[38;5;32m[AndroidUiautomator2Driver@8439 (69a80692)]&amp#27;[0m Got response with status 200: {"sessionId":"ea8caee1-7a71-4bd5-bbc7-80fa77de32af","value":{"androidId":"46d7d836be09267e","apiVersion":"34","bluetooth":{"state":"ON"},"brand":"google","carrierName":"T-Mobile","displayDensity":420,"locale":"en_US","manufacturer":"Google","model":"sdk_gphone64_x86_64","networks":[{"capabilities":{"SSID":null,"linkDownBandwidthKbps":4300,"linkUpstreamBandwidthKbps":1800,"networkCapabilities":"NET_CAPABILITY_MMS,NET_CAPABILITY_SUPL,NET_CAPABILITY_DUN,NET_CAPABILITY_FOTA,NET_CAPABILITY_IMS,NET_CAPABILITY_CBS,NET_CAPABILITY_INTERNET,NET_CAPABILITY_NOT_RESTRICTED,NET_CAPABILITY_TRUSTED,NET_CAPABILITY_NOT_VPN,NET_CAPABILITY_VALIDATED,NET_CAPABILITY_NOT_ROAMING,NET_CAPABILITY_NOT_CONGESTED,NET_CAPABILITY_NOT_SUSPENDED","signalStrength":-2147483648,"transportTypes":"TRANSPORT_CELLULAR"},"detailedState":"CONNECTED","extraInfo":"epc.tmobile.com","isAvailable":true,"isConnected":true,"isFailover":false,"isRoaming":false,"state":"CONNECTED","subtype":10,"subtypeName":"HSPA","type":0,"typeName":"MOBILE"},{"capabiliti...
&amp#27;[38;5;32m[AndroidUiautomator2Driver@8439 (69a80692)]&amp#27;[0m Screen already unlocked, doing nothing
&amp#27;[38;5;32m[AndroidUiautomator2Driver@8439 (69a80692)]&amp#27;[0m Starting 'com.saucelabs.mydemoapp.rn/.MainActivity and waiting for 'com.saucelabs.mydemoapp.rn/.MainActivity'
&amp#27;[38;5;48m[ADB]&amp#27;[0m Running 'C:\Users\Chan\AppData\Local\Android\Sdk\platform-tools\adb.exe -P 5037 -s emulator-5554 shell am start -W -n com.saucelabs.mydemoapp.rn/.MainActivity -S -a android.intent.action.MAIN -c android.intent.category.LAUNCHER -f 0x10200000'
&amp#27;[38;5;0m[HTTP]&amp#27;[0m &amp#27;[37m-->&amp#27;[39m &amp#27;[37mGET&amp#27;[39m &amp#27;[37m/wd/hub/session/e7028da6-4f22-49a0-b002-4f18d714f487/timeouts&amp#27;[39m
&amp#27;[38;5;0m[HTTP]&amp#27;[0m &amp#27;[90m{}&amp#27;[39m
&amp#27;[38;5;0m[HTTP]&amp#27;[0m No route found for /wd/hub/session/e7028da6-4f22-49a0-b002-4f18d714f487/timeouts
&amp#27;[38;5;0m[HTTP]&amp#27;[0m &amp#27;[37m<-- GET /wd/hub/session/e7028da6-4f22-49a0-b002-4f18d714f487/timeouts &amp#27;[39m&amp#27;[33m404&amp#27;[39m &amp#27;[90m5 ms - 262&amp#27;[39m
&amp#27;[38;5;0m[HTTP]&amp#27;[0m &amp#27;[90m&amp#27;[39m
&amp#27;[38;5;0m[HTTP]&amp#27;[0m &amp#27;[37m-->&amp#27;[39m &amp#27;[37mGET&amp#27;[39m &amp#27;[37m/wd/hub/session/e7028da6-4f22-49a0-b002-4f18d714f487/timeouts&amp#27;[39m
&amp#27;[38;5;0m[HTTP]&amp#27;[0m &amp#27;[90m{}&amp#27;[39m
&amp#27;[38;5;0m[HTTP]&amp#27;[0m No route found for /wd/hub/session/e7028da6-4f22-49a0-b002-4f18d714f487/timeouts
&amp#27;[38;5;0m[HTTP]&amp#27;[0m &amp#27;[37m<-- GET /wd/hub/session/e7028da6-4f22-49a0-b002-4f18d714f487/timeouts &amp#27;[39m&amp#27;[33m404&amp#27;[39m &amp#27;[90m1 ms - 262&amp#27;[39m
&amp#27;[38;5;0m[HTTP]&amp#27;[0m &amp#27;[90m&amp#27;[39m
&amp#27;[38;5;16m[AppiumDriver@4ee3]&amp#27;[0m New AndroidUiautomator2Driver session created successfully, session 69a80692-8b48-4960-bed1-a775e4e47f04 added to master session list
&amp#27;[38;5;16m[AppiumDriver@4ee3]&amp#27;[0m Event 'newSessionStarted' logged at 1708856562337 (18:22:42 GMT+0800 (Malaysia Time))
&amp#27;[38;5;32m[AndroidUiautomator2Driver@8439 (69a80692)]&amp#27;[0m Cached the protocol value 'W3C' for the new session 69a80692-8b48-4960-bed1-a775e4e47f04
&amp#27;[38;5;32m[AndroidUiautomator2Driver@8439 (69a80692)]&amp#27;[0m Responding to client with driver.createSession() result: {"capabilities":{"platformName":"ANDROID","platformVersion":"14","appActivity":".MainActivity","automationName":"UIAutomator2","appPackage":"com.saucelabs.mydemoapp.rn","deviceName":"emulator-5554","platform":"LINUX","webStorageEnabled":false,"takesScreenshot":true,"javascriptEnabled":true,"databaseEnabled":false,"networkConnectionEnabled":true,"locationContextEnabled":false,"warnings":{},"desired":{"platformName":"ANDROID","platformVersion":"14.0","appActivity":".MainActivity","automationName":"UIAutomator2","appPackage":"com.saucelabs.mydemoapp.rn","deviceName":"sdk_gphone64_x86_64"},"deviceUDID":"emulator-5554","pixelRatio":"2.625","statBarHeight":63,"viewportRect":{"left":0,"top":63,"width":1080,"height":2337},"deviceApiLevel":34,"deviceManufacturer":"Google","deviceModel":"sdk_gphone64_x86_64","deviceScreenSize":"1080x2400","deviceScreenDensity":420}}
&amp#27;[38;5;0m[HTTP]&amp#27;[0m &amp#27;[37m<-- POST /session &amp#27;[39m&amp#27;[32m200&amp#27;[39m &amp#27;[90m37605 ms - 929&amp#27;[39m
&amp#27;[38;5;0m[HTTP]&amp#27;[0m &amp#27;[90m&amp#27;[39m
Driver is set
AndroidDriver is set
Android launched...
&amp#27;[38;5;0m[HTTP]&amp#27;[0m &amp#27;[37m-->&amp#27;[39m &amp#27;[37mPOST&amp#27;[39m &amp#27;[37m/session/69a80692-8b48-4960-bed1-a775e4e47f04/element&amp#27;[39m
&amp#27;[38;5;0m[HTTP]&amp#27;[0m &amp#27;[90m{"value":"open menu","using":"accessibility id"}&amp#27;[39m
&amp#27;[38;5;32m[AndroidUiautomator2Driver@8439 (69a80692)]&amp#27;[0m Calling AppiumDriver.findElement() with args: ["accessibility id","open menu","69a80692-8b48-4960-bed1-a775e4e47f04"]
&amp#27;[38;5;32m[AndroidUiautomator2Driver@8439 (69a80692)]&amp#27;[0m Valid locator strategies for this request: xpath, id, class name, accessibility id, css selector, -android uiautomator
&amp#27;[38;5;32m[AndroidUiautomator2Driver@8439 (69a80692)]&amp#27;[0m Waiting up to 0 ms for condition
&amp#27;[38;5;32m[AndroidUiautomator2Driver@8439 (69a80692)]&amp#27;[0m Matched '/element' to command name 'findElement'
&amp#27;[38;5;32m[AndroidUiautomator2Driver@8439 (69a80692)]&amp#27;[0m Proxying [POST /element] to [POST http://127.0.0.1:8210/session/ea8caee1-7a71-4bd5-bbc7-80fa77de32af/element] with body: {"strategy":"accessibility id","selector":"open menu","context":"","multiple":false}
&amp#27;[38;5;32m[AndroidUiautomator2Driver@8439 (69a80692)]&amp#27;[0m Got response with status 404: {"sessionId":"ea8caee1-7a71-4bd5-bbc7-80fa77de32af","value":{"error":"no such element","message":"An element could not be located on the page using the given search parameters","stacktrace":"io.appium.uiautomator2.common.exceptions.ElementNotFoundException: An element could not be located on the page using the given search parameters\n\tat io.appium.uiautomator2.handler.FindElement.safeHandle(FindElement.java:63)\n\tat io.appium.uiautomator2.handler.request.SafeRequestHandler.handle(SafeRequestHandler.java:59)\n\tat io.appium.uiautomator2.server.AppiumServlet.handleRequest(AppiumServlet.java:259)\n\tat io.appium.uiautomator2.server.AppiumServlet.handleHttpRequest(AppiumServlet.java:253)\n\tat io.appium.uiautomator2.http.ServerHandler.channelRead(ServerHandler.java:77)\n\tat io.netty.channel.AbstractChannelHandlerContext.invokeChannelRead(AbstractChannelHandlerContext.java:366)\n\tat io.netty.channel.AbstractChannelHandlerContext.invokeChannelRead(AbstractChannelHandlerContext.java:352)\n\tat io.netty.chann...
&amp#27;[38;5;96m[W3C]&amp#27;[0m Matched W3C error code 'no such element' to NoSuchElementError
&amp#27;[38;5;32m[AndroidUiautomator2Driver@8439 (69a80692)]&amp#27;[0m Encountered internal error running command: NoSuchElementError: An element could not be located on the page using the given search parameters.
&amp#27;[38;5;32m[AndroidUiautomator2Driver@8439 (69a80692)]&amp#27;[0m     at AndroidUiautomator2Driver.findElOrEls (C:\Users\Chan\node_modules\appium-uiautomator2-driver\node_modules\appium-android-driver\lib\commands\find.ts:86:11)
&amp#27;[38;5;32m[AndroidUiautomator2Driver@8439 (69a80692)]&amp#27;[0m     at processTicksAndRejections (node:internal/process/task_queues:95:5)
&amp#27;[38;5;32m[AndroidUiautomator2Driver@8439 (69a80692)]&amp#27;[0m     at AndroidUiautomator2Driver.findElOrElsWithProcessing (C:\Users\Chan\node_modules\appium-uiautomator2-driver\node_modules\@appium\base-driver\lib\basedriver\commands\find.ts:60:12)
&amp#27;[38;5;32m[AndroidUiautomator2Driver@8439 (69a80692)]&amp#27;[0m     at AndroidUiautomator2Driver.findElement (C:\Users\Chan\node_modules\appium-uiautomator2-driver\node_modules\@appium\base-driver\lib\basedriver\commands\find.ts:75:12)
&amp#27;[38;5;0m[HTTP]&amp#27;[0m &amp#27;[37m<-- POST /session/69a80692-8b48-4960-bed1-a775e4e47f04/element &amp#27;[39m&amp#27;[33m404&amp#27;[39m &amp#27;[90m73 ms - 872&amp#27;[39m
&amp#27;[38;5;0m[HTTP]&amp#27;[0m &amp#27;[90m&amp#27;[39m
&amp#27;[38;5;0m[HTTP]&amp#27;[0m &amp#27;[37m-->&amp#27;[39m &amp#27;[37mPOST&amp#27;[39m &amp#27;[37m/session/69a80692-8b48-4960-bed1-a775e4e47f04/element&amp#27;[39m
&amp#27;[38;5;0m[HTTP]&amp#27;[0m &amp#27;[90m{"value":"open menu","using":"accessibility id"}&amp#27;[39m
&amp#27;[38;5;32m[AndroidUiautomator2Driver@8439 (69a80692)]&amp#27;[0m Calling AppiumDriver.findElement() with args: ["accessibility id","open menu","69a80692-8b48-4960-bed1-a775e4e47f04"]
&amp#27;[38;5;32m[AndroidUiautomator2Driver@8439 (69a80692)]&amp#27;[0m Valid locator strategies for this request: xpath, id, class name, accessibility id, css selector, -android uiautomator
&amp#27;[38;5;32m[AndroidUiautomator2Driver@8439 (69a80692)]&amp#27;[0m Waiting up to 0 ms for condition
&amp#27;[38;5;32m[AndroidUiautomator2Driver@8439 (69a80692)]&amp#27;[0m Matched '/element' to command name 'findElement'
&amp#27;[38;5;32m[AndroidUiautomator2Driver@8439 (69a80692)]&amp#27;[0m Proxying [POST /element] to [POST http://127.0.0.1:8210/session/ea8caee1-7a71-4bd5-bbc7-80fa77de32af/element] with body: {"strategy":"accessibility id","selector":"open menu","context":"","multiple":false}
&amp#27;[38;5;32m[AndroidUiautomator2Driver@8439 (69a80692)]&amp#27;[0m Got response with status 404: {"sessionId":"ea8caee1-7a71-4bd5-bbc7-80fa77de32af","value":{"error":"no such element","message":"An element could not be located on the page using the given search parameters","stacktrace":"io.appium.uiautomator2.common.exceptions.ElementNotFoundException: An element could not be located on the page using the given search parameters\n\tat io.appium.uiautomator2.handler.FindElement.safeHandle(FindElement.java:63)\n\tat io.appium.uiautomator2.handler.request.SafeRequestHandler.handle(SafeRequestHandler.java:59)\n\tat io.appium.uiautomator2.server.AppiumServlet.handleRequest(AppiumServlet.java:259)\n\tat io.appium.uiautomator2.server.AppiumServlet.handleHttpRequest(AppiumServlet.java:253)\n\tat io.appium.uiautomator2.http.ServerHandler.channelRead(ServerHandler.java:77)\n\tat io.netty.channel.AbstractChannelHandlerContext.invokeChannelRead(AbstractChannelHandlerContext.java:366)\n\tat io.netty.channel.AbstractChannelHandlerContext.invokeChannelRead(AbstractChannelHandlerContext.java:352)\n\tat io.netty.chann...
&amp#27;[38;5;96m[W3C]&amp#27;[0m Matched W3C error code 'no such element' to NoSuchElementError
&amp#27;[38;5;32m[AndroidUiautomator2Driver@8439 (69a80692)]&amp#27;[0m Encountered internal error running command: NoSuchElementError: An element could not be located on the page using the given search parameters.
&amp#27;[38;5;32m[AndroidUiautomator2Driver@8439 (69a80692)]&amp#27;[0m     at AndroidUiautomator2Driver.findElOrEls (C:\Users\Chan\node_modules\appium-uiautomator2-driver\node_modules\appium-android-driver\lib\commands\find.ts:86:11)
&amp#27;[38;5;32m[AndroidUiautomator2Driver@8439 (69a80692)]&amp#27;[0m     at processTicksAndRejections (node:internal/process/task_queues:95:5)
&amp#27;[38;5;32m[AndroidUiautomator2Driver@8439 (69a80692)]&amp#27;[0m     at AndroidUiautomator2Driver.findElOrElsWithProcessing (C:\Users\Chan\node_modules\appium-uiautomator2-driver\node_modules\@appium\base-driver\lib\basedriver\commands\find.ts:60:12)
&amp#27;[38;5;32m[AndroidUiautomator2Driver@8439 (69a80692)]&amp#27;[0m     at AndroidUiautomator2Driver.findElement (C:\Users\Chan\node_modules\appium-uiautomator2-driver\node_modules\@appium\base-driver\lib\basedriver\commands\find.ts:75:12)
&amp#27;[38;5;0m[HTTP]&amp#27;[0m &amp#27;[37m<-- POST /session/69a80692-8b48-4960-bed1-a775e4e47f04/element &amp#27;[39m&amp#27;[33m404&amp#27;[39m &amp#27;[90m312 ms - 872&amp#27;[39m
&amp#27;[38;5;0m[HTTP]&amp#27;[0m &amp#27;[90m&amp#27;[39m
&amp#27;[38;5;0m[HTTP]&amp#27;[0m &amp#27;[37m-->&amp#27;[39m &amp#27;[37mPOST&amp#27;[39m &amp#27;[37m/session/69a80692-8b48-4960-bed1-a775e4e47f04/element&amp#27;[39m
&amp#27;[38;5;0m[HTTP]&amp#27;[0m &amp#27;[90m{"value":"open menu","using":"accessibility id"}&amp#27;[39m
&amp#27;[38;5;32m[AndroidUiautomator2Driver@8439 (69a80692)]&amp#27;[0m Calling AppiumDriver.findElement() with args: ["accessibility id","open menu","69a80692-8b48-4960-bed1-a775e4e47f04"]
&amp#27;[38;5;32m[AndroidUiautomator2Driver@8439 (69a80692)]&amp#27;[0m Valid locator strategies for this request: xpath, id, class name, accessibility id, css selector, -android uiautomator
&amp#27;[38;5;32m[AndroidUiautomator2Driver@8439 (69a80692)]&amp#27;[0m Waiting up to 0 ms for condition
&amp#27;[38;5;32m[AndroidUiautomator2Driver@8439 (69a80692)]&amp#27;[0m Matched '/element' to command name 'findElement'
&amp#27;[38;5;32m[AndroidUiautomator2Driver@8439 (69a80692)]&amp#27;[0m Proxying [POST /element] to [POST http://127.0.0.1:8210/session/ea8caee1-7a71-4bd5-bbc7-80fa77de32af/element] with body: {"strategy":"accessibility id","selector":"open menu","context":"","multiple":false}
&amp#27;[38;5;32m[AndroidUiautomator2Driver@8439 (69a80692)]&amp#27;[0m Got response with status 200: {"sessionId":"ea8caee1-7a71-4bd5-bbc7-80fa77de32af","value":{"ELEMENT":"00000000-0000-025d-ffff-ffff00000022","element-6066-11e4-a52e-4f735466cecf":"00000000-0000-025d-ffff-ffff00000022"}}
&amp#27;[38;5;32m[AndroidUiautomator2Driver@8439 (69a80692)]&amp#27;[0m Responding to client with driver.findElement() result: {"element-6066-11e4-a52e-4f735466cecf":"00000000-0000-025d-ffff-ffff00000022","ELEMENT":"00000000-0000-025d-ffff-ffff00000022"}
&amp#27;[38;5;0m[HTTP]&amp#27;[0m &amp#27;[37m<-- POST /session/69a80692-8b48-4960-bed1-a775e4e47f04/element &amp#27;[39m&amp#27;[32m200&amp#27;[39m &amp#27;[90m724 ms - 137&amp#27;[39m
&amp#27;[38;5;0m[HTTP]&amp#27;[0m &amp#27;[90m&amp#27;[39m
&amp#27;[38;5;0m[HTTP]&amp#27;[0m &amp#27;[37m-->&amp#27;[39m &amp#27;[37mPOST&amp#27;[39m &amp#27;[37m/session/69a80692-8b48-4960-bed1-a775e4e47f04/element/00000000-0000-025d-ffff-ffff00000022/click&amp#27;[39m
&amp#27;[38;5;0m[HTTP]&amp#27;[0m &amp#27;[90m{"id":"00000000-0000-025d-ffff-ffff00000022"}&amp#27;[39m
&amp#27;[38;5;32m[AndroidUiautomator2Driver@8439 (69a80692)]&amp#27;[0m Calling AppiumDriver.click() with args: ["00000000-0000-025d-ffff-ffff00000022","69a80692-8b48-4960-bed1-a775e4e47f04"]
&amp#27;[38;5;32m[AndroidUiautomator2Driver@8439 (69a80692)]&amp#27;[0m Matched '/element/00000000-0000-025d-ffff-ffff00000022/click' to command name 'click'
&amp#27;[38;5;32m[AndroidUiautomator2Driver@8439 (69a80692)]&amp#27;[0m Proxying [POST /element/00000000-0000-025d-ffff-ffff00000022/click] to [POST http://127.0.0.1:8210/session/ea8caee1-7a71-4bd5-bbc7-80fa77de32af/element/00000000-0000-025d-ffff-ffff00000022/click] with body: {"element":"00000000-0000-025d-ffff-ffff00000022"}
&amp#27;[38;5;32m[AndroidUiautomator2Driver@8439 (69a80692)]&amp#27;[0m Got response with status 200: {"sessionId":"ea8caee1-7a71-4bd5-bbc7-80fa77de32af","value":null}
&amp#27;[38;5;32m[AndroidUiautomator2Driver@8439 (69a80692)]&amp#27;[0m Responding to client with driver.click() result: null
&amp#27;[38;5;0m[HTTP]&amp#27;[0m &amp#27;[37m<-- POST /session/69a80692-8b48-4960-bed1-a775e4e47f04/element/00000000-0000-025d-ffff-ffff00000022/click &amp#27;[39m&amp#27;[32m200&amp#27;[39m &amp#27;[90m955 ms - 14&amp#27;[39m
&amp#27;[38;5;0m[HTTP]&amp#27;[0m &amp#27;[90m&amp#27;[39m
&amp#27;[38;5;0m[HTTP]&amp#27;[0m &amp#27;[37m-->&amp#27;[39m &amp#27;[37mGET&amp#27;[39m &amp#27;[37m/session/69a80692-8b48-4960-bed1-a775e4e47f04/context&amp#27;[39m
&amp#27;[38;5;0m[HTTP]&amp#27;[0m &amp#27;[90m{}&amp#27;[39m
&amp#27;[38;5;32m[AndroidUiautomator2Driver@8439 (69a80692)]&amp#27;[0m Calling AppiumDriver.getCurrentContext() with args: ["69a80692-8b48-4960-bed1-a775e4e47f04"]
&amp#27;[38;5;32m[AndroidUiautomator2Driver@8439 (69a80692)]&amp#27;[0m Responding to client with driver.getCurrentContext() result: "NATIVE_APP"
&amp#27;[38;5;0m[HTTP]&amp#27;[0m &amp#27;[37m<-- GET /session/69a80692-8b48-4960-bed1-a775e4e47f04/context &amp#27;[39m&amp#27;[32m200&amp#27;[39m &amp#27;[90m2 ms - 22&amp#27;[39m
&amp#27;[38;5;0m[HTTP]&amp#27;[0m &amp#27;[90m&amp#27;[39m
&amp#27;[38;5;0m[HTTP]&amp#27;[0m &amp#27;[37m-->&amp#27;[39m &amp#27;[37mPOST&amp#27;[39m &amp#27;[37m/session/69a80692-8b48-4960-bed1-a775e4e47f04/element&amp#27;[39m
&amp#27;[38;5;0m[HTTP]&amp#27;[0m &amp#27;[90m{"value":"menu item log in","using":"accessibility id"}&amp#27;[39m
&amp#27;[38;5;32m[AndroidUiautomator2Driver@8439 (69a80692)]&amp#27;[0m Calling AppiumDriver.findElement() with args: ["accessibility id","menu item log in","69a80692-8b48-4960-bed1-a775e4e47f04"]
&amp#27;[38;5;32m[AndroidUiautomator2Driver@8439 (69a80692)]&amp#27;[0m Valid locator strategies for this request: xpath, id, class name, accessibility id, css selector, -android uiautomator
&amp#27;[38;5;32m[AndroidUiautomator2Driver@8439 (69a80692)]&amp#27;[0m Waiting up to 0 ms for condition
&amp#27;[38;5;32m[AndroidUiautomator2Driver@8439 (69a80692)]&amp#27;[0m Matched '/element' to command name 'findElement'
&amp#27;[38;5;32m[AndroidUiautomator2Driver@8439 (69a80692)]&amp#27;[0m Proxying [POST /element] to [POST http://127.0.0.1:8210/session/ea8caee1-7a71-4bd5-bbc7-80fa77de32af/element] with body: {"strategy":"accessibility id","selector":"menu item log in","context":"","multiple":false}
&amp#27;[38;5;32m[AndroidUiautomator2Driver@8439 (69a80692)]&amp#27;[0m Got response with status 200: {"sessionId":"ea8caee1-7a71-4bd5-bbc7-80fa77de32af","value":{"ELEMENT":"00000000-0000-025d-ffff-ffff000000a0","element-6066-11e4-a52e-4f735466cecf":"00000000-0000-025d-ffff-ffff000000a0"}}
&amp#27;[38;5;32m[AndroidUiautomator2Driver@8439 (69a80692)]&amp#27;[0m Responding to client with driver.findElement() result: {"element-6066-11e4-a52e-4f735466cecf":"00000000-0000-025d-ffff-ffff000000a0","ELEMENT":"00000000-0000-025d-ffff-ffff000000a0"}
&amp#27;[38;5;0m[HTTP]&amp#27;[0m &amp#27;[37m<-- POST /session/69a80692-8b48-4960-bed1-a775e4e47f04/element &amp#27;[39m&amp#27;[32m200&amp#27;[39m &amp#27;[90m222 ms - 137&amp#27;[39m
&amp#27;[38;5;0m[HTTP]&amp#27;[0m &amp#27;[90m&amp#27;[39m
&amp#27;[38;5;0m[HTTP]&amp#27;[0m &amp#27;[37m-->&amp#27;[39m &amp#27;[37mPOST&amp#27;[39m &amp#27;[37m/session/69a80692-8b48-4960-bed1-a775e4e47f04/element/00000000-0000-025d-ffff-ffff000000a0/click&amp#27;[39m
&amp#27;[38;5;0m[HTTP]&amp#27;[0m &amp#27;[90m{"id":"00000000-0000-025d-ffff-ffff000000a0"}&amp#27;[39m
&amp#27;[38;5;32m[AndroidUiautomator2Driver@8439 (69a80692)]&amp#27;[0m Calling AppiumDriver.click() with args: ["00000000-0000-025d-ffff-ffff000000a0","69a80692-8b48-4960-bed1-a775e4e47f04"]
&amp#27;[38;5;32m[AndroidUiautomator2Driver@8439 (69a80692)]&amp#27;[0m Matched '/element/00000000-0000-025d-ffff-ffff000000a0/click' to command name 'click'
&amp#27;[38;5;32m[AndroidUiautomator2Driver@8439 (69a80692)]&amp#27;[0m Proxying [POST /element/00000000-0000-025d-ffff-ffff000000a0/click] to [POST http://127.0.0.1:8210/session/ea8caee1-7a71-4bd5-bbc7-80fa77de32af/element/00000000-0000-025d-ffff-ffff000000a0/click] with body: {"element":"00000000-0000-025d-ffff-ffff000000a0"}
&amp#27;[38;5;32m[AndroidUiautomator2Driver@8439 (69a80692)]&amp#27;[0m Got response with status 200: {"sessionId":"ea8caee1-7a71-4bd5-bbc7-80fa77de32af","value":null}
&amp#27;[38;5;32m[AndroidUiautomator2Driver@8439 (69a80692)]&amp#27;[0m Responding to client with driver.click() result: null
&amp#27;[38;5;0m[HTTP]&amp#27;[0m &amp#27;[37m<-- POST /session/69a80692-8b48-4960-bed1-a775e4e47f04/element/00000000-0000-025d-ffff-ffff000000a0/click &amp#27;[39m&amp#27;[32m200&amp#27;[39m &amp#27;[90m1252 ms - 14&amp#27;[39m
&amp#27;[38;5;0m[HTTP]&amp#27;[0m &amp#27;[90m&amp#27;[39m
&amp#27;[38;5;0m[HTTP]&amp#27;[0m &amp#27;[37m-->&amp#27;[39m &amp#27;[37mPOST&amp#27;[39m &amp#27;[37m/session/69a80692-8b48-4960-bed1-a775e4e47f04/element&amp#27;[39m
&amp#27;[38;5;0m[HTTP]&amp#27;[0m &amp#27;[90m{"value":"Username input field","using":"accessibility id"}&amp#27;[39m
&amp#27;[38;5;32m[AndroidUiautomator2Driver@8439 (69a80692)]&amp#27;[0m Calling AppiumDriver.findElement() with args: ["accessibility id","Username input field","69a80692-8b48-4960-bed1-a775e4e47f04"]
&amp#27;[38;5;32m[AndroidUiautomator2Driver@8439 (69a80692)]&amp#27;[0m Valid locator strategies for this request: xpath, id, class name, accessibility id, css selector, -android uiautomator
&amp#27;[38;5;32m[AndroidUiautomator2Driver@8439 (69a80692)]&amp#27;[0m Waiting up to 0 ms for condition
&amp#27;[38;5;32m[AndroidUiautomator2Driver@8439 (69a80692)]&amp#27;[0m Matched '/element' to command name 'findElement'
&amp#27;[38;5;32m[AndroidUiautomator2Driver@8439 (69a80692)]&amp#27;[0m Proxying [POST /element] to [POST http://127.0.0.1:8210/session/ea8caee1-7a71-4bd5-bbc7-80fa77de32af/element] with body: {"strategy":"accessibility id","selector":"Username input field","context":"","multiple":false}
&amp#27;[38;5;32m[AndroidUiautomator2Driver@8439 (69a80692)]&amp#27;[0m Got response with status 200: {"sessionId":"ea8caee1-7a71-4bd5-bbc7-80fa77de32af","value":{"ELEMENT":"00000000-0000-025d-ffff-ffff000000c1","element-6066-11e4-a52e-4f735466cecf":"00000000-0000-025d-ffff-ffff000000c1"}}
&amp#27;[38;5;32m[AndroidUiautomator2Driver@8439 (69a80692)]&amp#27;[0m Responding to client with driver.findElement() result: {"element-6066-11e4-a52e-4f735466cecf":"00000000-0000-025d-ffff-ffff000000c1","ELEMENT":"00000000-0000-025d-ffff-ffff000000c1"}
&amp#27;[38;5;0m[HTTP]&amp#27;[0m &amp#27;[37m<-- POST /session/69a80692-8b48-4960-bed1-a775e4e47f04/element &amp#27;[39m&amp#27;[32m200&amp#27;[39m &amp#27;[90m395 ms - 137&amp#27;[39m
&amp#27;[38;5;0m[HTTP]&amp#27;[0m &amp#27;[90m&amp#27;[39m
&amp#27;[38;5;0m[HTTP]&amp#27;[0m &amp#27;[37m-->&amp#27;[39m &amp#27;[37mPOST&amp#27;[39m &amp#27;[37m/session/69a80692-8b48-4960-bed1-a775e4e47f04/element&amp#27;[39m
&amp#27;[38;5;0m[HTTP]&amp#27;[0m &amp#27;[90m{"value":"Username input field","using":"accessibility id"}&amp#27;[39m
&amp#27;[38;5;32m[AndroidUiautomator2Driver@8439 (69a80692)]&amp#27;[0m Calling AppiumDriver.findElement() with args: ["accessibility id","Username input field","69a80692-8b48-4960-bed1-a775e4e47f04"]
&amp#27;[38;5;32m[AndroidUiautomator2Driver@8439 (69a80692)]&amp#27;[0m Valid locator strategies for this request: xpath, id, class name, accessibility id, css selector, -android uiautomator
&amp#27;[38;5;32m[AndroidUiautomator2Driver@8439 (69a80692)]&amp#27;[0m Waiting up to 0 ms for condition
&amp#27;[38;5;32m[AndroidUiautomator2Driver@8439 (69a80692)]&amp#27;[0m Matched '/element' to command name 'findElement'
&amp#27;[38;5;32m[AndroidUiautomator2Driver@8439 (69a80692)]&amp#27;[0m Proxying [POST /element] to [POST http://127.0.0.1:8210/session/ea8caee1-7a71-4bd5-bbc7-80fa77de32af/element] with body: {"strategy":"accessibility id","selector":"Username input field","context":"","multiple":false}
&amp#27;[38;5;32m[AndroidUiautomator2Driver@8439 (69a80692)]&amp#27;[0m Got response with status 200: {"sessionId":"ea8caee1-7a71-4bd5-bbc7-80fa77de32af","value":{"ELEMENT":"00000000-0000-025d-ffff-ffff000000c1","element-6066-11e4-a52e-4f735466cecf":"00000000-0000-025d-ffff-ffff000000c1"}}
&amp#27;[38;5;32m[AndroidUiautomator2Driver@8439 (69a80692)]&amp#27;[0m Responding to client with driver.findElement() result: {"element-6066-11e4-a52e-4f735466cecf":"00000000-0000-025d-ffff-ffff000000c1","ELEMENT":"00000000-0000-025d-ffff-ffff000000c1"}
&amp#27;[38;5;0m[HTTP]&amp#27;[0m &amp#27;[37m<-- POST /session/69a80692-8b48-4960-bed1-a775e4e47f04/element &amp#27;[39m&amp#27;[32m200&amp#27;[39m &amp#27;[90m1213 ms - 137&amp#27;[39m
&amp#27;[38;5;0m[HTTP]&amp#27;[0m &amp#27;[90m&amp#27;[39m
&amp#27;[38;5;0m[HTTP]&amp#27;[0m &amp#27;[37m-->&amp#27;[39m &amp#27;[37mPOST&amp#27;[39m &amp#27;[37m/session/69a80692-8b48-4960-bed1-a775e4e47f04/element/00000000-0000-025d-ffff-ffff000000c1/clear&amp#27;[39m
&amp#27;[38;5;0m[HTTP]&amp#27;[0m &amp#27;[90m{"id":"00000000-0000-025d-ffff-ffff000000c1"}&amp#27;[39m
&amp#27;[38;5;32m[AndroidUiautomator2Driver@8439 (69a80692)]&amp#27;[0m Calling AppiumDriver.clear() with args: ["00000000-0000-025d-ffff-ffff000000c1","69a80692-8b48-4960-bed1-a775e4e47f04"]
&amp#27;[38;5;32m[AndroidUiautomator2Driver@8439 (69a80692)]&amp#27;[0m Matched '/element/00000000-0000-025d-ffff-ffff000000c1/clear' to command name 'clear'
&amp#27;[38;5;32m[AndroidUiautomator2Driver@8439 (69a80692)]&amp#27;[0m Proxying [POST /element/00000000-0000-025d-ffff-ffff000000c1/clear] to [POST http://127.0.0.1:8210/session/ea8caee1-7a71-4bd5-bbc7-80fa77de32af/element/00000000-0000-025d-ffff-ffff000000c1/clear] with body: {"elementId":"00000000-0000-025d-ffff-ffff000000c1"}
&amp#27;[38;5;32m[AndroidUiautomator2Driver@8439 (69a80692)]&amp#27;[0m Got response with status 200: {"sessionId":"ea8caee1-7a71-4bd5-bbc7-80fa77de32af","value":null}
&amp#27;[38;5;32m[AndroidUiautomator2Driver@8439 (69a80692)]&amp#27;[0m Responding to client with driver.clear() result: null
&amp#27;[38;5;0m[HTTP]&amp#27;[0m &amp#27;[37m<-- POST /session/69a80692-8b48-4960-bed1-a775e4e47f04/element/00000000-0000-025d-ffff-ffff000000c1/clear &amp#27;[39m&amp#27;[32m200&amp#27;[39m &amp#27;[90m26 ms - 14&amp#27;[39m
&amp#27;[38;5;0m[HTTP]&amp#27;[0m &amp#27;[90m&amp#27;[39m
&amp#27;[38;5;0m[HTTP]&amp#27;[0m &amp#27;[37m-->&amp#27;[39m &amp#27;[37mPOST&amp#27;[39m &amp#27;[37m/session/69a80692-8b48-4960-bed1-a775e4e47f04/element&amp#27;[39m
&amp#27;[38;5;0m[HTTP]&amp#27;[0m &amp#27;[90m{"value":"Username input field","using":"accessibility id"}&amp#27;[39m
&amp#27;[38;5;32m[AndroidUiautomator2Driver@8439 (69a80692)]&amp#27;[0m Calling AppiumDriver.findElement() with args: ["accessibility id","Username input field","69a80692-8b48-4960-bed1-a775e4e47f04"]
&amp#27;[38;5;32m[AndroidUiautomator2Driver@8439 (69a80692)]&amp#27;[0m Valid locator strategies for this request: xpath, id, class name, accessibility id, css selector, -android uiautomator
&amp#27;[38;5;32m[AndroidUiautomator2Driver@8439 (69a80692)]&amp#27;[0m Waiting up to 0 ms for condition
&amp#27;[38;5;32m[AndroidUiautomator2Driver@8439 (69a80692)]&amp#27;[0m Matched '/element' to command name 'findElement'
&amp#27;[38;5;32m[AndroidUiautomator2Driver@8439 (69a80692)]&amp#27;[0m Proxying [POST /element] to [POST http://127.0.0.1:8210/session/ea8caee1-7a71-4bd5-bbc7-80fa77de32af/element] with body: {"strategy":"accessibility id","selector":"Username input field","context":"","multiple":false}
&amp#27;[38;5;32m[AndroidUiautomator2Driver@8439 (69a80692)]&amp#27;[0m Got response with status 200: {"sessionId":"ea8caee1-7a71-4bd5-bbc7-80fa77de32af","value":{"ELEMENT":"00000000-0000-025d-ffff-ffff000000c1","element-6066-11e4-a52e-4f735466cecf":"00000000-0000-025d-ffff-ffff000000c1"}}
&amp#27;[38;5;32m[AndroidUiautomator2Driver@8439 (69a80692)]&amp#27;[0m Responding to client with driver.findElement() result: {"element-6066-11e4-a52e-4f735466cecf":"00000000-0000-025d-ffff-ffff000000c1","ELEMENT":"00000000-0000-025d-ffff-ffff000000c1"}
&amp#27;[38;5;0m[HTTP]&amp#27;[0m &amp#27;[37m<-- POST /session/69a80692-8b48-4960-bed1-a775e4e47f04/element &amp#27;[39m&amp#27;[32m200&amp#27;[39m &amp#27;[90m512 ms - 137&amp#27;[39m
&amp#27;[38;5;0m[HTTP]&amp#27;[0m &amp#27;[90m&amp#27;[39m
&amp#27;[38;5;0m[HTTP]&amp#27;[0m &amp#27;[37m-->&amp#27;[39m &amp#27;[37mPOST&amp#27;[39m &amp#27;[37m/session/69a80692-8b48-4960-bed1-a775e4e47f04/element/00000000-0000-025d-ffff-ffff000000c1/value&amp#27;[39m
&amp#27;[38;5;0m[HTTP]&amp#27;[0m &amp#27;[90m{"id":"00000000-0000-025d-ffff-ffff000000c1","value":[],"text":""}&amp#27;[39m
&amp#27;[38;5;32m[AndroidUiautomator2Driver@8439 (69a80692)]&amp#27;[0m Calling AppiumDriver.setValue() with args: [[],"00000000-0000-025d-ffff-ffff000000c1","69a80692-8b48-4960-bed1-a775e4e47f04"]
&amp#27;[38;5;32m[AndroidUiautomator2Driver@8439 (69a80692)]&amp#27;[0m Matched '/element/00000000-0000-025d-ffff-ffff000000c1/value' to command name 'setValue'
&amp#27;[38;5;32m[AndroidUiautomator2Driver@8439 (69a80692)]&amp#27;[0m Added 'value' property [] to 'setValue' request body
&amp#27;[38;5;32m[AndroidUiautomator2Driver@8439 (69a80692)]&amp#27;[0m Proxying [POST /element/00000000-0000-025d-ffff-ffff000000c1/value] to [POST http://127.0.0.1:8210/session/ea8caee1-7a71-4bd5-bbc7-80fa77de32af/element/00000000-0000-025d-ffff-ffff000000c1/value] with body: {"elementId":"00000000-0000-025d-ffff-ffff000000c1","text":"","replace":false,"value":[]}
&amp#27;[38;5;32m[AndroidUiautomator2Driver@8439 (69a80692)]&amp#27;[0m Got response with status 200: {"sessionId":"ea8caee1-7a71-4bd5-bbc7-80fa77de32af","value":null}
&amp#27;[38;5;32m[AndroidUiautomator2Driver@8439 (69a80692)]&amp#27;[0m Responding to client with driver.setValue() result: null
&amp#27;[38;5;0m[HTTP]&amp#27;[0m &amp#27;[37m<-- POST /session/69a80692-8b48-4960-bed1-a775e4e47f04/element/00000000-0000-025d-ffff-ffff000000c1/value &amp#27;[39m&amp#27;[32m200&amp#27;[39m &amp#27;[90m25 ms - 14&amp#27;[39m
&amp#27;[38;5;0m[HTTP]&amp#27;[0m &amp#27;[90m&amp#27;[39m
&amp#27;[38;5;0m[HTTP]&amp#27;[0m &amp#27;[37m-->&amp#27;[39m &amp#27;[37mGET&amp#27;[39m &amp#27;[37m/session/69a80692-8b48-4960-bed1-a775e4e47f04/context&amp#27;[39m
&amp#27;[38;5;0m[HTTP]&amp#27;[0m &amp#27;[90m{}&amp#27;[39m
&amp#27;[38;5;32m[AndroidUiautomator2Driver@8439 (69a80692)]&amp#27;[0m Calling AppiumDriver.getCurrentContext() with args: ["69a80692-8b48-4960-bed1-a775e4e47f04"]
&amp#27;[38;5;32m[AndroidUiautomator2Driver@8439 (69a80692)]&amp#27;[0m Responding to client with driver.getCurrentContext() result: "NATIVE_APP"
&amp#27;[38;5;0m[HTTP]&amp#27;[0m &amp#27;[37m<-- GET /session/69a80692-8b48-4960-bed1-a775e4e47f04/context &amp#27;[39m&amp#27;[32m200&amp#27;[39m &amp#27;[90m1 ms - 22&amp#27;[39m
&amp#27;[38;5;0m[HTTP]&amp#27;[0m &amp#27;[90m&amp#27;[39m
&amp#27;[38;5;0m[HTTP]&amp#27;[0m &amp#27;[37m-->&amp#27;[39m &amp#27;[37mPOST&amp#27;[39m &amp#27;[37m/session/69a80692-8b48-4960-bed1-a775e4e47f04/element&amp#27;[39m
&amp#27;[38;5;0m[HTTP]&amp#27;[0m &amp#27;[90m{"value":"Password input field","using":"accessibility id"}&amp#27;[39m
&amp#27;[38;5;32m[AndroidUiautomator2Driver@8439 (69a80692)]&amp#27;[0m Calling AppiumDriver.findElement() with args: ["accessibility id","Password input field","69a80692-8b48-4960-bed1-a775e4e47f04"]
&amp#27;[38;5;32m[AndroidUiautomator2Driver@8439 (69a80692)]&amp#27;[0m Valid locator strategies for this request: xpath, id, class name, accessibility id, css selector, -android uiautomator
&amp#27;[38;5;32m[AndroidUiautomator2Driver@8439 (69a80692)]&amp#27;[0m Waiting up to 0 ms for condition
&amp#27;[38;5;32m[AndroidUiautomator2Driver@8439 (69a80692)]&amp#27;[0m Matched '/element' to command name 'findElement'
&amp#27;[38;5;32m[AndroidUiautomator2Driver@8439 (69a80692)]&amp#27;[0m Proxying [POST /element] to [POST http://127.0.0.1:8210/session/ea8caee1-7a71-4bd5-bbc7-80fa77de32af/element] with body: {"strategy":"accessibility id","selector":"Password input field","context":"","multiple":false}
&amp#27;[38;5;32m[AndroidUiautomator2Driver@8439 (69a80692)]&amp#27;[0m Got response with status 200: {"sessionId":"ea8caee1-7a71-4bd5-bbc7-80fa77de32af","value":{"ELEMENT":"00000000-0000-025d-ffff-ffff000000c4","element-6066-11e4-a52e-4f735466cecf":"00000000-0000-025d-ffff-ffff000000c4"}}
&amp#27;[38;5;32m[AndroidUiautomator2Driver@8439 (69a80692)]&amp#27;[0m Responding to client with driver.findElement() result: {"element-6066-11e4-a52e-4f735466cecf":"00000000-0000-025d-ffff-ffff000000c4","ELEMENT":"00000000-0000-025d-ffff-ffff000000c4"}
&amp#27;[38;5;0m[HTTP]&amp#27;[0m &amp#27;[37m<-- POST /session/69a80692-8b48-4960-bed1-a775e4e47f04/element &amp#27;[39m&amp#27;[32m200&amp#27;[39m &amp#27;[90m511 ms - 137&amp#27;[39m
&amp#27;[38;5;0m[HTTP]&amp#27;[0m &amp#27;[90m&amp#27;[39m
&amp#27;[38;5;0m[HTTP]&amp#27;[0m &amp#27;[37m-->&amp#27;[39m &amp#27;[37mPOST&amp#27;[39m &amp#27;[37m/session/69a80692-8b48-4960-bed1-a775e4e47f04/element/00000000-0000-025d-ffff-ffff000000c4/clear&amp#27;[39m
&amp#27;[38;5;0m[HTTP]&amp#27;[0m &amp#27;[90m{"id":"00000000-0000-025d-ffff-ffff000000c4"}&amp#27;[39m
&amp#27;[38;5;32m[AndroidUiautomator2Driver@8439 (69a80692)]&amp#27;[0m Calling AppiumDriver.clear() with args: ["00000000-0000-025d-ffff-ffff000000c4","69a80692-8b48-4960-bed1-a775e4e47f04"]
&amp#27;[38;5;32m[AndroidUiautomator2Driver@8439 (69a80692)]&amp#27;[0m Matched '/element/00000000-0000-025d-ffff-ffff000000c4/clear' to command name 'clear'
&amp#27;[38;5;32m[AndroidUiautomator2Driver@8439 (69a80692)]&amp#27;[0m Proxying [POST /element/00000000-0000-025d-ffff-ffff000000c4/clear] to [POST http://127.0.0.1:8210/session/ea8caee1-7a71-4bd5-bbc7-80fa77de32af/element/00000000-0000-025d-ffff-ffff000000c4/clear] with body: {"elementId":"00000000-0000-025d-ffff-ffff000000c4"}
&amp#27;[38;5;32m[AndroidUiautomator2Driver@8439 (69a80692)]&amp#27;[0m Got response with status 200: {"sessionId":"ea8caee1-7a71-4bd5-bbc7-80fa77de32af","value":null}
&amp#27;[38;5;32m[AndroidUiautomator2Driver@8439 (69a80692)]&amp#27;[0m Responding to client with driver.clear() result: null
&amp#27;[38;5;0m[HTTP]&amp#27;[0m &amp#27;[37m<-- POST /session/69a80692-8b48-4960-bed1-a775e4e47f04/element/00000000-0000-025d-ffff-ffff000000c4/clear &amp#27;[39m&amp#27;[32m200&amp#27;[39m &amp#27;[90m16 ms - 14&amp#27;[39m
&amp#27;[38;5;0m[HTTP]&amp#27;[0m &amp#27;[90m&amp#27;[39m
&amp#27;[38;5;0m[HTTP]&amp#27;[0m &amp#27;[37m-->&amp#27;[39m &amp#27;[37mGET&amp#27;[39m &amp#27;[37m/session/69a80692-8b48-4960-bed1-a775e4e47f04/context&amp#27;[39m
&amp#27;[38;5;0m[HTTP]&amp#27;[0m &amp#27;[90m{}&amp#27;[39m
&amp#27;[38;5;32m[AndroidUiautomator2Driver@8439 (69a80692)]&amp#27;[0m Calling AppiumDriver.getCurrentContext() with args: ["69a80692-8b48-4960-bed1-a775e4e47f04"]
&amp#27;[38;5;32m[AndroidUiautomator2Driver@8439 (69a80692)]&amp#27;[0m Responding to client with driver.getCurrentContext() result: "NATIVE_APP"
&amp#27;[38;5;0m[HTTP]&amp#27;[0m &amp#27;[37m<-- GET /session/69a80692-8b48-4960-bed1-a775e4e47f04/context &amp#27;[39m&amp#27;[32m200&amp#27;[39m &amp#27;[90m1 ms - 22&amp#27;[39m
&amp#27;[38;5;0m[HTTP]&amp#27;[0m &amp#27;[90m&amp#27;[39m
&amp#27;[38;5;0m[HTTP]&amp#27;[0m &amp#27;[37m-->&amp#27;[39m &amp#27;[37mPOST&amp#27;[39m &amp#27;[37m/session/69a80692-8b48-4960-bed1-a775e4e47f04/element&amp#27;[39m
&amp#27;[38;5;0m[HTTP]&amp#27;[0m &amp#27;[90m{"value":"Password input field","using":"accessibility id"}&amp#27;[39m
&amp#27;[38;5;32m[AndroidUiautomator2Driver@8439 (69a80692)]&amp#27;[0m Calling AppiumDriver.findElement() with args: ["accessibility id","Password input field","69a80692-8b48-4960-bed1-a775e4e47f04"]
&amp#27;[38;5;32m[AndroidUiautomator2Driver@8439 (69a80692)]&amp#27;[0m Valid locator strategies for this request: xpath, id, class name, accessibility id, css selector, -android uiautomator
&amp#27;[38;5;32m[AndroidUiautomator2Driver@8439 (69a80692)]&amp#27;[0m Waiting up to 0 ms for condition
&amp#27;[38;5;32m[AndroidUiautomator2Driver@8439 (69a80692)]&amp#27;[0m Matched '/element' to command name 'findElement'
&amp#27;[38;5;32m[AndroidUiautomator2Driver@8439 (69a80692)]&amp#27;[0m Proxying [POST /element] to [POST http://127.0.0.1:8210/session/ea8caee1-7a71-4bd5-bbc7-80fa77de32af/element] with body: {"strategy":"accessibility id","selector":"Password input field","context":"","multiple":false}
&amp#27;[38;5;32m[AndroidUiautomator2Driver@8439 (69a80692)]&amp#27;[0m Got response with status 200: {"sessionId":"ea8caee1-7a71-4bd5-bbc7-80fa77de32af","value":{"ELEMENT":"00000000-0000-025d-ffff-ffff000000c4","element-6066-11e4-a52e-4f735466cecf":"00000000-0000-025d-ffff-ffff000000c4"}}
&amp#27;[38;5;32m[AndroidUiautomator2Driver@8439 (69a80692)]&amp#27;[0m Responding to client with driver.findElement() result: {"element-6066-11e4-a52e-4f735466cecf":"00000000-0000-025d-ffff-ffff000000c4","ELEMENT":"00000000-0000-025d-ffff-ffff000000c4"}
&amp#27;[38;5;0m[HTTP]&amp#27;[0m &amp#27;[37m<-- POST /session/69a80692-8b48-4960-bed1-a775e4e47f04/element &amp#27;[39m&amp#27;[32m200&amp#27;[39m &amp#27;[90m518 ms - 137&amp#27;[39m
&amp#27;[38;5;0m[HTTP]&amp#27;[0m &amp#27;[90m&amp#27;[39m
&amp#27;[38;5;0m[HTTP]&amp#27;[0m &amp#27;[37m-->&amp#27;[39m &amp#27;[37mPOST&amp#27;[39m &amp#27;[37m/session/69a80692-8b48-4960-bed1-a775e4e47f04/element/00000000-0000-025d-ffff-ffff000000c4/value&amp#27;[39m
&amp#27;[38;5;0m[HTTP]&amp#27;[0m &amp#27;[90m{"id":"00000000-0000-025d-ffff-ffff000000c4","value":["1","0","2","0","3","0","4","0"],"text":"10203040"}&amp#27;[39m
&amp#27;[38;5;32m[AndroidUiautomator2Driver@8439 (69a80692)]&amp#27;[0m Calling AppiumDriver.setValue() with args: [["1","0","2","0","3","0","4","0"],"00000000-0000-025d-ffff-ffff000000c4","69a80692-8b48-4960-bed1-a775e4e47f04"]
&amp#27;[38;5;32m[AndroidUiautomator2Driver@8439 (69a80692)]&amp#27;[0m Matched '/element/00000000-0000-025d-ffff-ffff000000c4/value' to command name 'setValue'
&amp#27;[38;5;32m[AndroidUiautomator2Driver@8439 (69a80692)]&amp#27;[0m Added 'value' property ["1","0","2","0","3","0","4","0"] to 'setValue' request body
&amp#27;[38;5;32m[AndroidUiautomator2Driver@8439 (69a80692)]&amp#27;[0m Proxying [POST /element/00000000-0000-025d-ffff-ffff000000c4/value] to [POST http://127.0.0.1:8210/session/ea8caee1-7a71-4bd5-bbc7-80fa77de32af/element/00000000-0000-025d-ffff-ffff000000c4/value] with body: {"elementId":"00000000-0000-025d-ffff-ffff000000c4","text":"10203040","replace":false,"value":["1","0","2","0","3","0","4","0"]}
&amp#27;[38;5;32m[AndroidUiautomator2Driver@8439 (69a80692)]&amp#27;[0m Got response with status 200: {"sessionId":"ea8caee1-7a71-4bd5-bbc7-80fa77de32af","value":null}
&amp#27;[38;5;32m[AndroidUiautomator2Driver@8439 (69a80692)]&amp#27;[0m Responding to client with driver.setValue() result: null
&amp#27;[38;5;0m[HTTP]&amp#27;[0m &amp#27;[37m<-- POST /session/69a80692-8b48-4960-bed1-a775e4e47f04/element/00000000-0000-025d-ffff-ffff000000c4/value &amp#27;[39m&amp#27;[32m200&amp#27;[39m &amp#27;[90m44 ms - 14&amp#27;[39m
&amp#27;[38;5;0m[HTTP]&amp#27;[0m &amp#27;[90m&amp#27;[39m
&amp#27;[38;5;0m[HTTP]&amp#27;[0m &amp#27;[37m-->&amp#27;[39m &amp#27;[37mGET&amp#27;[39m &amp#27;[37m/session/69a80692-8b48-4960-bed1-a775e4e47f04/context&amp#27;[39m
&amp#27;[38;5;0m[HTTP]&amp#27;[0m &amp#27;[90m{}&amp#27;[39m
&amp#27;[38;5;32m[AndroidUiautomator2Driver@8439 (69a80692)]&amp#27;[0m Calling AppiumDriver.getCurrentContext() with args: ["69a80692-8b48-4960-bed1-a775e4e47f04"]
&amp#27;[38;5;32m[AndroidUiautomator2Driver@8439 (69a80692)]&amp#27;[0m Responding to client with driver.getCurrentContext() result: "NATIVE_APP"
&amp#27;[38;5;0m[HTTP]&amp#27;[0m &amp#27;[37m<-- GET /session/69a80692-8b48-4960-bed1-a775e4e47f04/context &amp#27;[39m&amp#27;[32m200&amp#27;[39m &amp#27;[90m1 ms - 22&amp#27;[39m
&amp#27;[38;5;0m[HTTP]&amp#27;[0m &amp#27;[90m&amp#27;[39m
&amp#27;[38;5;0m[HTTP]&amp#27;[0m &amp#27;[37m-->&amp#27;[39m &amp#27;[37mPOST&amp#27;[39m &amp#27;[37m/session/69a80692-8b48-4960-bed1-a775e4e47f04/element&amp#27;[39m
&amp#27;[38;5;0m[HTTP]&amp#27;[0m &amp#27;[90m{"value":"Login button","using":"accessibility id"}&amp#27;[39m
&amp#27;[38;5;32m[AndroidUiautomator2Driver@8439 (69a80692)]&amp#27;[0m Calling AppiumDriver.findElement() with args: ["accessibility id","Login button","69a80692-8b48-4960-bed1-a775e4e47f04"]
&amp#27;[38;5;32m[AndroidUiautomator2Driver@8439 (69a80692)]&amp#27;[0m Valid locator strategies for this request: xpath, id, class name, accessibility id, css selector, -android uiautomator
&amp#27;[38;5;32m[AndroidUiautomator2Driver@8439 (69a80692)]&amp#27;[0m Waiting up to 0 ms for condition
&amp#27;[38;5;32m[AndroidUiautomator2Driver@8439 (69a80692)]&amp#27;[0m Matched '/element' to command name 'findElement'
&amp#27;[38;5;32m[AndroidUiautomator2Driver@8439 (69a80692)]&amp#27;[0m Proxying [POST /element] to [POST http://127.0.0.1:8210/session/ea8caee1-7a71-4bd5-bbc7-80fa77de32af/element] with body: {"strategy":"accessibility id","selector":"Login button","context":"","multiple":false}
&amp#27;[38;5;32m[AndroidUiautomator2Driver@8439 (69a80692)]&amp#27;[0m Got response with status 200: {"sessionId":"ea8caee1-7a71-4bd5-bbc7-80fa77de32af","value":{"ELEMENT":"00000000-0000-025d-ffff-ffff000000c7","element-6066-11e4-a52e-4f735466cecf":"00000000-0000-025d-ffff-ffff000000c7"}}
&amp#27;[38;5;32m[AndroidUiautomator2Driver@8439 (69a80692)]&amp#27;[0m Responding to client with driver.findElement() result: {"element-6066-11e4-a52e-4f735466cecf":"00000000-0000-025d-ffff-ffff000000c7","ELEMENT":"00000000-0000-025d-ffff-ffff000000c7"}
&amp#27;[38;5;0m[HTTP]&amp#27;[0m &amp#27;[37m<-- POST /session/69a80692-8b48-4960-bed1-a775e4e47f04/element &amp#27;[39m&amp#27;[32m200&amp#27;[39m &amp#27;[90m603 ms - 137&amp#27;[39m
&amp#27;[38;5;0m[HTTP]&amp#27;[0m &amp#27;[90m&amp#27;[39m
&amp#27;[38;5;0m[HTTP]&amp#27;[0m &amp#27;[37m-->&amp#27;[39m &amp#27;[37mPOST&amp#27;[39m &amp#27;[37m/session/69a80692-8b48-4960-bed1-a775e4e47f04/element/00000000-0000-025d-ffff-ffff000000c7/click&amp#27;[39m
&amp#27;[38;5;0m[HTTP]&amp#27;[0m &amp#27;[90m{"id":"00000000-0000-025d-ffff-ffff000000c7"}&amp#27;[39m
&amp#27;[38;5;32m[AndroidUiautomator2Driver@8439 (69a80692)]&amp#27;[0m Calling AppiumDriver.click() with args: ["00000000-0000-025d-ffff-ffff000000c7","69a80692-8b48-4960-bed1-a775e4e47f04"]
&amp#27;[38;5;32m[AndroidUiautomator2Driver@8439 (69a80692)]&amp#27;[0m Matched '/element/00000000-0000-025d-ffff-ffff000000c7/click' to command name 'click'
&amp#27;[38;5;32m[AndroidUiautomator2Driver@8439 (69a80692)]&amp#27;[0m Proxying [POST /element/00000000-0000-025d-ffff-ffff000000c7/click] to [POST http://127.0.0.1:8210/session/ea8caee1-7a71-4bd5-bbc7-80fa77de32af/element/00000000-0000-025d-ffff-ffff000000c7/click] with body: {"element":"00000000-0000-025d-ffff-ffff000000c7"}
&amp#27;[38;5;32m[AndroidUiautomator2Driver@8439 (69a80692)]&amp#27;[0m Got response with status 200: {"sessionId":"ea8caee1-7a71-4bd5-bbc7-80fa77de32af","value":null}
&amp#27;[38;5;32m[AndroidUiautomator2Driver@8439 (69a80692)]&amp#27;[0m Responding to client with driver.click() result: null
&amp#27;[38;5;0m[HTTP]&amp#27;[0m &amp#27;[37m<-- POST /session/69a80692-8b48-4960-bed1-a775e4e47f04/element/00000000-0000-025d-ffff-ffff000000c7/click &amp#27;[39m&amp#27;[32m200&amp#27;[39m &amp#27;[90m664 ms - 14&amp#27;[39m
&amp#27;[38;5;0m[HTTP]&amp#27;[0m &amp#27;[90m&amp#27;[39m
&amp#27;[38;5;0m[HTTP]&amp#27;[0m &amp#27;[37m-->&amp#27;[39m &amp#27;[37mPOST&amp#27;[39m &amp#27;[37m/session/69a80692-8b48-4960-bed1-a775e4e47f04/element&amp#27;[39m
&amp#27;[38;5;0m[HTTP]&amp#27;[0m &amp#27;[90m{"value":"//android.widget.TextView[@text=\"Username is required\"] ","using":"xpath"}&amp#27;[39m
&amp#27;[38;5;32m[AndroidUiautomator2Driver@8439 (69a80692)]&amp#27;[0m Calling AppiumDriver.findElement() with args: ["xpath","//android.widget.TextView[@text=\"Username is required\"] ","69a80692-8b48-4960-bed1-a775e4e47f04"]
&amp#27;[38;5;32m[AndroidUiautomator2Driver@8439 (69a80692)]&amp#27;[0m Valid locator strategies for this request: xpath, id, class name, accessibility id, css selector, -android uiautomator
&amp#27;[38;5;32m[AndroidUiautomator2Driver@8439 (69a80692)]&amp#27;[0m Waiting up to 0 ms for condition
&amp#27;[38;5;32m[AndroidUiautomator2Driver@8439 (69a80692)]&amp#27;[0m Matched '/element' to command name 'findElement'
&amp#27;[38;5;32m[AndroidUiautomator2Driver@8439 (69a80692)]&amp#27;[0m Proxying [POST /element] to [POST http://127.0.0.1:8210/session/ea8caee1-7a71-4bd5-bbc7-80fa77de32af/element] with body: {"strategy":"xpath","selector":"//android.widget.TextView[@text=\"Username is required\"] ","context":"","multiple":false}
&amp#27;[38;5;32m[AndroidUiautomator2Driver@8439 (69a80692)]&amp#27;[0m Got response with status 200: {"sessionId":"ea8caee1-7a71-4bd5-bbc7-80fa77de32af","value":{"ELEMENT":"00000000-0000-025d-ffff-ffff000000de","element-6066-11e4-a52e-4f735466cecf":"00000000-0000-025d-ffff-ffff000000de"}}
&amp#27;[38;5;32m[AndroidUiautomator2Driver@8439 (69a80692)]&amp#27;[0m Responding to client with driver.findElement() result: {"element-6066-11e4-a52e-4f735466cecf":"00000000-0000-025d-ffff-ffff000000de","ELEMENT":"00000000-0000-025d-ffff-ffff000000de"}
&amp#27;[38;5;0m[HTTP]&amp#27;[0m &amp#27;[37m<-- POST /session/69a80692-8b48-4960-bed1-a775e4e47f04/element &amp#27;[39m&amp#27;[32m200&amp#27;[39m &amp#27;[90m844 ms - 137&amp#27;[39m
&amp#27;[38;5;0m[HTTP]&amp#27;[0m &amp#27;[90m&amp#27;[39m
&amp#27;[38;5;0m[HTTP]&amp#27;[0m &amp#27;[37m-->&amp#27;[39m &amp#27;[37mGET&amp#27;[39m &amp#27;[37m/session/69a80692-8b48-4960-bed1-a775e4e47f04/element/00000000-0000-025d-ffff-ffff000000de/text&amp#27;[39m
&amp#27;[38;5;0m[HTTP]&amp#27;[0m &amp#27;[90m{}&amp#27;[39m
&amp#27;[38;5;32m[AndroidUiautomator2Driver@8439 (69a80692)]&amp#27;[0m Driver proxy active, passing request on via HTTP proxy
&amp#27;[38;5;32m[AndroidUiautomator2Driver@8439 (69a80692)]&amp#27;[0m Matched '/session/69a80692-8b48-4960-bed1-a775e4e47f04/element/00000000-0000-025d-ffff-ffff000000de/text' to command name 'getText'
&amp#27;[38;5;32m[AndroidUiautomator2Driver@8439 (69a80692)]&amp#27;[0m Proxying [GET /session/69a80692-8b48-4960-bed1-a775e4e47f04/element/00000000-0000-025d-ffff-ffff000000de/text] to [GET http://127.0.0.1:8210/session/ea8caee1-7a71-4bd5-bbc7-80fa77de32af/element/00000000-0000-025d-ffff-ffff000000de/text] with no body
&amp#27;[38;5;32m[AndroidUiautomator2Driver@8439 (69a80692)]&amp#27;[0m Got response with status 200: {"sessionId":"ea8caee1-7a71-4bd5-bbc7-80fa77de32af","value":"Username is required"}
&amp#27;[38;5;32m[AndroidUiautomator2Driver@8439 (69a80692)]&amp#27;[0m Replacing sessionId ea8caee1-7a71-4bd5-bbc7-80fa77de32af with 69a80692-8b48-4960-bed1-a775e4e47f04
&amp#27;[38;5;0m[HTTP]&amp#27;[0m &amp#27;[37m<-- GET /session/69a80692-8b48-4960-bed1-a775e4e47f04/element/00000000-0000-025d-ffff-ffff000000de/text &amp#27;[39m&amp#27;[32m200&amp#27;[39m &amp#27;[90m13 ms - 83&amp#27;[39m
&amp#27;[38;5;0m[HTTP]&amp#27;[0m &amp#27;[90m&amp#27;[39m
]]></system-out>
    <system-err><![CDATA[SLF4J: Failed to load class "org.slf4j.impl.StaticLoggerBinder".
SLF4J: Defaulting to no-operation (NOP) logger implementation
SLF4J: See http://www.slf4j.org/codes.html#StaticLoggerBinder for further details.
]]></system-err>
  </testcase>
  <testcase name="invalidLogin_emptyPasswordTest" classname="tests.android.LoginTest" time="3.248">
    <system-out><![CDATA[&amp#27;[38;5;0m[HTTP]&amp#27;[0m &amp#27;[37m-->&amp#27;[39m &amp#27;[37mPOST&amp#27;[39m &amp#27;[37m/session/69a80692-8b48-4960-bed1-a775e4e47f04/element&amp#27;[39m
&amp#27;[38;5;0m[HTTP]&amp#27;[0m &amp#27;[90m{"value":"Username input field","using":"accessibility id"}&amp#27;[39m
&amp#27;[38;5;32m[AndroidUiautomator2Driver@8439 (69a80692)]&amp#27;[0m Calling AppiumDriver.findElement() with args: ["accessibility id","Username input field","69a80692-8b48-4960-bed1-a775e4e47f04"]
&amp#27;[38;5;32m[AndroidUiautomator2Driver@8439 (69a80692)]&amp#27;[0m Valid locator strategies for this request: xpath, id, class name, accessibility id, css selector, -android uiautomator
&amp#27;[38;5;32m[AndroidUiautomator2Driver@8439 (69a80692)]&amp#27;[0m Waiting up to 0 ms for condition
&amp#27;[38;5;32m[AndroidUiautomator2Driver@8439 (69a80692)]&amp#27;[0m Matched '/element' to command name 'findElement'
[...]
&amp#27;[38;5;32m[AndroidUiautomator2Driver@0d20 (aedefdf3)]&amp#27;[0m Replacing sessionId 54cf9874-69e8-4b1e-91e2-7500eebccec6 with aedefdf3-4e81-43b1-be77-29b9d71e4b04
&amp#27;[38;5;0m[HTTP]&amp#27;[0m &amp#27;[37m<-- GET /session/aedefdf3-4e81-43b1-be77-29b9d71e4b04/source &amp#27;[39m&amp#27;[32m200&amp#27;[39m &amp#27;[90m234 ms - 54576&amp#27;[39m
&amp#27;[38;5;0m[HTTP]&amp#27;[0m &amp#27;[90m&amp#27;[39m
&amp#27;[38;5;0m[HTTP]&amp#27;[0m &amp#27;[37m-->&amp#27;[39m &amp#27;[37mPOST&amp#27;[39m &amp#27;[37m/session/aedefdf3-4e81-43b1-be77-29b9d71e4b04/element&amp#27;[39m
&amp#27;[38;5;0m[HTTP]&amp#27;[0m &amp#27;[90m{"value":"sort button","using":"accessibility id"}&amp#27;[39m
&amp#27;[38;5;32m[AndroidUiautomator2Driver@0d20 (aedefdf3)]&amp#27;[0m Calling AppiumDriver.findElement() with args: ["accessibility id","sort button","aedefdf3-4e81-43b1-be77-29b9d71e4b04"]
&amp#27;[38;5;32m[AndroidUiautomator2Driver@0d20 (aedefdf3)]&amp#27;[0m Valid locator strategies for this request: xpath, id, class name, accessibility id, css selector, -android uiautomator
&amp#27;[38;5;32m[AndroidUiautomator2Driver@0d20 (aedefdf3)]&amp#27;[0m Waiting up to 0 ms for condition
&amp#27;[38;5;32m[AndroidUiautomator2Driver@0d20 (aedefdf3)]&amp#27;[0m Matched '/element' to command name 'findElement'
&amp#27;[38;5;32m[AndroidUiautomator2Driver@0d20 (aedefdf3)]&amp#27;[0m Proxying [POST /element] to [POST http://127.0.0.1:8211/session/54cf9874-69e8-4b1e-91e2-7500eebccec6/element] with body: {"strategy":"accessibility id","selector":"sort button","context":"","multiple":false}
&amp#27;[38;5;32m[AndroidUiautomator2Driver@0d20 (aedefdf3)]&amp#27;[0m Got response with status 200: {"sessionId":"54cf9874-69e8-4b1e-91e2-7500eebccec6","value":{"ELEMENT":"00000000-0000-026a-ffff-ffff00000026","element-6066-11e4-a52e-4f735466cecf":"00000000-0000-026a-ffff-ffff00000026"}}
&amp#27;[38;5;32m[AndroidUiautomator2Driver@0d20 (aedefdf3)]&amp#27;[0m Responding to client with driver.findElement() result: {"element-6066-11e4-a52e-4f735466cecf":"00000000-0000-026a-ffff-ffff00000026","ELEMENT":"00000000-0000-026a-ffff-ffff00000026"}
&amp#27;[38;5;0m[HTTP]&amp#27;[0m &amp#27;[37m<-- POST /session/aedefdf3-4e81-43b1-be77-29b9d71e4b04/element &amp#27;[39m&amp#27;[32m200&amp#27;[39m &amp#27;[90m29 ms - 137&amp#27;[39m
&amp#27;[38;5;0m[HTTP]&amp#27;[0m &amp#27;[90m&amp#27;[39m
&amp#27;[38;5;0m[HTTP]&amp#27;[0m &amp#27;[37m-->&amp#27;[39m &amp#27;[37mPOST&amp#27;[39m &amp#27;[37m/session/aedefdf3-4e81-43b1-be77-29b9d71e4b04/element/00000000-0000-026a-ffff-ffff00000026/click&amp#27;[39m
&amp#27;[38;5;0m[HTTP]&amp#27;[0m &amp#27;[90m{"id":"00000000-0000-026a-ffff-ffff00000026"}&amp#27;[39m
&amp#27;[38;5;32m[AndroidUiautomator2Driver@0d20 (aedefdf3)]&amp#27;[0m Calling AppiumDriver.click() with args: ["00000000-0000-026a-ffff-ffff00000026","aedefdf3-4e81-43b1-be77-29b9d71e4b04"]
&amp#27;[38;5;32m[AndroidUiautomator2Driver@0d20 (aedefdf3)]&amp#27;[0m Matched '/element/00000000-0000-026a-ffff-ffff00000026/click' to command name 'click'
&amp#27;[38;5;32m[AndroidUiautomator2Driver@0d20 (aedefdf3)]&amp#27;[0m Proxying [POST /element/00000000-0000-026a-ffff-ffff00000026/click] to [POST http://127.0.0.1:8211/session/54cf9874-69e8-4b1e-91e2-7500eebccec6/element/00000000-0000-026a-ffff-ffff00000026/click] with body: {"element":"00000000-0000-026a-ffff-ffff00000026"}
&amp#27;[38;5;32m[AndroidUiautomator2Driver@0d20 (aedefdf3)]&amp#27;[0m Got response with status 200: {"sessionId":"54cf9874-69e8-4b1e-91e2-7500eebccec6","value":null}
&amp#27;[38;5;32m[AndroidUiautomator2Driver@0d20 (aedefdf3)]&amp#27;[0m Responding to client with driver.click() result: null
&amp#27;[38;5;0m[HTTP]&amp#27;[0m &amp#27;[37m<-- POST /session/aedefdf3-4e81-43b1-be77-29b9d71e4b04/element/00000000-0000-026a-ffff-ffff00000026/click &amp#27;[39m&amp#27;[32m200&amp#27;[39m &amp#27;[90m83 ms - 14&amp#27;[39m
&amp#27;[38;5;0m[HTTP]&amp#27;[0m &amp#27;[90m&amp#27;[39m
&amp#27;[38;5;0m[HTTP]&amp#27;[0m &amp#27;[37m-->&amp#27;[39m &amp#27;[37mPOST&amp#27;[39m &amp#27;[37m/session/aedefdf3-4e81-43b1-be77-29b9d71e4b04/element&amp#27;[39m
&amp#27;[38;5;0m[HTTP]&amp#27;[0m &amp#27;[90m{"value":"nameAsc","using":"accessibility id"}&amp#27;[39m
&amp#27;[38;5;32m[AndroidUiautomator2Driver@0d20 (aedefdf3)]&amp#27;[0m Calling AppiumDriver.findElement() with args: ["accessibility id","nameAsc","aedefdf3-4e81-43b1-be77-29b9d71e4b04"]
&amp#27;[38;5;32m[AndroidUiautomator2Driver@0d20 (aedefdf3)]&amp#27;[0m Valid locator strategies for this request: xpath, id, class name, accessibility id, css selector, -android uiautomator
&amp#27;[38;5;32m[AndroidUiautomator2Driver@0d20 (aedefdf3)]&amp#27;[0m Waiting up to 0 ms for condition
&amp#27;[38;5;32m[AndroidUiautomator2Driver@0d20 (aedefdf3)]&amp#27;[0m Matched '/element' to command name 'findElement'
&amp#27;[38;5;32m[AndroidUiautomator2Driver@0d20 (aedefdf3)]&amp#27;[0m Proxying [POST /element] to [POST http://127.0.0.1:8211/session/54cf9874-69e8-4b1e-91e2-7500eebccec6/element] with body: {"strategy":"accessibility id","selector":"nameAsc","context":"","multiple":false}
&amp#27;[38;5;32m[AndroidUiautomator2Driver@0d20 (aedefdf3)]&amp#27;[0m Got response with status 404: {"sessionId":"54cf9874-69e8-4b1e-91e2-7500eebccec6","value":{"error":"no such element","message":"An element could not be located on the page using the given search parameters","stacktrace":"io.appium.uiautomator2.common.exceptions.ElementNotFoundException: An element could not be located on the page using the given search parameters\n\tat io.appium.uiautomator2.handler.FindElement.safeHandle(FindElement.java:63)\n\tat io.appium.uiautomator2.handler.request.SafeRequestHandler.handle(SafeRequestHandler.java:59)\n\tat io.appium.uiautomator2.server.AppiumServlet.handleRequest(AppiumServlet.java:259)\n\tat io.appium.uiautomator2.server.AppiumServlet.handleHttpRequest(AppiumServlet.java:253)\n\tat io.appium.uiautomator2.http.ServerHandler.channelRead(ServerHandler.java:77)\n\tat io.netty.channel.AbstractChannelHandlerContext.invokeChannelRead(AbstractChannelHandlerContext.java:366)\n\tat io.netty.channel.AbstractChannelHandlerContext.invokeChannelRead(AbstractChannelHandlerContext.java:352)\n\tat io.netty.chann...
&amp#27;[38;5;96m[W3C]&amp#27;[0m Matched W3C error code 'no such element' to NoSuchElementError
&amp#27;[38;5;32m[AndroidUiautomator2Driver@0d20 (aedefdf3)]&amp#27;[0m Encountered internal error running command: NoSuchElementError: An element could not be located on the page using the given search parameters.
&amp#27;[38;5;32m[AndroidUiautomator2Driver@0d20 (aedefdf3)]&amp#27;[0m     at AndroidUiautomator2Driver.findElOrEls (C:\Users\Chan\node_modules\appium-uiautomator2-driver\node_modules\appium-android-driver\lib\commands\find.ts:86:11)
&amp#27;[38;5;32m[AndroidUiautomator2Driver@0d20 (aedefdf3)]&amp#27;[0m     at processTicksAndRejections (node:internal/process/task_queues:95:5)
&amp#27;[38;5;32m[AndroidUiautomator2Driver@0d20 (aedefdf3)]&amp#27;[0m     at AndroidUiautomator2Driver.findElOrElsWithProcessing (C:\Users\Chan\node_modules\appium-uiautomator2-driver\node_modules\@appium\base-driver\lib\basedriver\commands\find.ts:60:12)
&amp#27;[38;5;32m[AndroidUiautomator2Driver@0d20 (aedefdf3)]&amp#27;[0m     at AndroidUiautomator2Driver.findElement (C:\Users\Chan\node_modules\appium-uiautomator2-driver\node_modules\@appium\base-driver\lib\basedriver\commands\find.ts:75:12)
&amp#27;[38;5;0m[HTTP]&amp#27;[0m &amp#27;[37m<-- POST /session/aedefdf3-4e81-43b1-be77-29b9d71e4b04/element &amp#27;[39m&amp#27;[33m404&amp#27;[39m &amp#27;[90m329 ms - 872&amp#27;[39m
&amp#27;[38;5;0m[HTTP]&amp#27;[0m &amp#27;[90m&amp#27;[39m
&amp#27;[38;5;0m[HTTP]&amp#27;[0m &amp#27;[37m-->&amp#27;[39m &amp#27;[37mPOST&amp#27;[39m &amp#27;[37m/session/aedefdf3-4e81-43b1-be77-29b9d71e4b04/element&amp#27;[39m
&amp#27;[38;5;0m[HTTP]&amp#27;[0m &amp#27;[90m{"value":"nameAsc","using":"accessibility id"}&amp#27;[39m
&amp#27;[38;5;32m[AndroidUiautomator2Driver@0d20 (aedefdf3)]&amp#27;[0m Calling AppiumDriver.findElement() with args: ["accessibility id","nameAsc","aedefdf3-4e81-43b1-be77-29b9d71e4b04"]
&amp#27;[38;5;32m[AndroidUiautomator2Driver@0d20 (aedefdf3)]&amp#27;[0m Valid locator strategies for this request: xpath, id, class name, accessibility id, css selector, -android uiautomator
&amp#27;[38;5;32m[AndroidUiautomator2Driver@0d20 (aedefdf3)]&amp#27;[0m Waiting up to 0 ms for condition
&amp#27;[38;5;32m[AndroidUiautomator2Driver@0d20 (aedefdf3)]&amp#27;[0m Matched '/element' to command name 'findElement'
&amp#27;[38;5;32m[AndroidUiautomator2Driver@0d20 (aedefdf3)]&amp#27;[0m Proxying [POST /element] to [POST http://127.0.0.1:8211/session/54cf9874-69e8-4b1e-91e2-7500eebccec6/element] with body: {"strategy":"accessibility id","selector":"nameAsc","context":"","multiple":false}
&amp#27;[38;5;32m[AndroidUiautomator2Driver@0d20 (aedefdf3)]&amp#27;[0m Got response with status 200: {"sessionId":"54cf9874-69e8-4b1e-91e2-7500eebccec6","value":{"ELEMENT":"00000000-0000-026b-ffff-ffff000000ba","element-6066-11e4-a52e-4f735466cecf":"00000000-0000-026b-ffff-ffff000000ba"}}
&amp#27;[38;5;32m[AndroidUiautomator2Driver@0d20 (aedefdf3)]&amp#27;[0m Responding to client with driver.findElement() result: {"element-6066-11e4-a52e-4f735466cecf":"00000000-0000-026b-ffff-ffff000000ba","ELEMENT":"00000000-0000-026b-ffff-ffff000000ba"}
&amp#27;[38;5;0m[HTTP]&amp#27;[0m &amp#27;[37m<-- POST /session/aedefdf3-4e81-43b1-be77-29b9d71e4b04/element &amp#27;[39m&amp#27;[32m200&amp#27;[39m &amp#27;[90m104 ms - 137&amp#27;[39m
&amp#27;[38;5;0m[HTTP]&amp#27;[0m &amp#27;[90m&amp#27;[39m
&amp#27;[38;5;0m[HTTP]&amp#27;[0m &amp#27;[37m-->&amp#27;[39m &amp#27;[37mPOST&amp#27;[39m &amp#27;[37m/session/aedefdf3-4e81-43b1-be77-29b9d71e4b04/element/00000000-0000-026b-ffff-ffff000000ba/click&amp#27;[39m
&amp#27;[38;5;0m[HTTP]&amp#27;[0m &amp#27;[90m{"id":"00000000-0000-026b-ffff-ffff000000ba"}&amp#27;[39m
&amp#27;[38;5;32m[AndroidUiautomator2Driver@0d20 (aedefdf3)]&amp#27;[0m Calling AppiumDriver.click() with args: ["00000000-0000-026b-ffff-ffff000000ba","aedefdf3-4e81-43b1-be77-29b9d71e4b04"]
&amp#27;[38;5;32m[AndroidUiautomator2Driver@0d20 (aedefdf3)]&amp#27;[0m Matched '/element/00000000-0000-026b-ffff-ffff000000ba/click' to command name 'click'
&amp#27;[38;5;32m[AndroidUiautomator2Driver@0d20 (aedefdf3)]&amp#27;[0m Proxying [POST /element/00000000-0000-026b-ffff-ffff000000ba/click] to [POST http://127.0.0.1:8211/session/54cf9874-69e8-4b1e-91e2-7500eebccec6/element/00000000-0000-026b-ffff-ffff000000ba/click] with body: {"element":"00000000-0000-026b-ffff-ffff000000ba"}
&amp#27;[38;5;32m[AndroidUiautomator2Driver@0d20 (aedefdf3)]&amp#27;[0m Got response with status 200: {"sessionId":"54cf9874-69e8-4b1e-91e2-7500eebccec6","value":null}
&amp#27;[38;5;32m[AndroidUiautomator2Driver@0d20 (aedefdf3)]&amp#27;[0m Responding to client with driver.click() result: null
&amp#27;[38;5;0m[HTTP]&amp#27;[0m &amp#27;[37m<-- POST /session/aedefdf3-4e81-43b1-be77-29b9d71e4b04/element/00000000-0000-026b-ffff-ffff000000ba/click &amp#27;[39m&amp#27;[32m200&amp#27;[39m &amp#27;[90m64 ms - 14&amp#27;[39m
&amp#27;[38;5;0m[HTTP]&amp#27;[0m &amp#27;[90m&amp#27;[39m
&amp#27;[38;5;0m[HTTP]&amp#27;[0m &amp#27;[37m-->&amp#27;[39m &amp#27;[37mPOST&amp#27;[39m &amp#27;[37m/session/aedefdf3-4e81-43b1-be77-29b9d71e4b04/element&amp#27;[39m
&amp#27;[38;5;0m[HTTP]&amp#27;[0m &amp#27;[90m{"value":"(//android.widget.TextView[@content-desc=\"store item price\"])[1]","using":"xpath"}&amp#27;[39m
&amp#27;[38;5;32m[AndroidUiautomator2Driver@0d20 (aedefdf3)]&amp#27;[0m Calling AppiumDriver.findElement() with args: ["xpath","(//android.widget.TextView[@content-desc=\"store item price\"])[1]","aedefdf3-4e81-43b1-be77-29b9d71e4b04"]
&amp#27;[38;5;32m[AndroidUiautomator2Driver@0d20 (aedefdf3)]&amp#27;[0m Valid locator strategies for this request: xpath, id, class name, accessibility id, css selector, -android uiautomator
&amp#27;[38;5;32m[AndroidUiautomator2Driver@0d20 (aedefdf3)]&amp#27;[0m Waiting up to 0 ms for condition
&amp#27;[38;5;32m[AndroidUiautomator2Driver@0d20 (aedefdf3)]&amp#27;[0m Matched '/element' to command name 'findElement'
&amp#27;[38;5;32m[AndroidUiautomator2Driver@0d20 (aedefdf3)]&amp#27;[0m Proxying [POST /element] to [POST http://127.0.0.1:8211/session/54cf9874-69e8-4b1e-91e2-7500eebccec6/element] with body: {"strategy":"xpath","selector":"(//android.widget.TextView[@content-desc=\"store item price\"])[1]","context":"","multiple":false}
&amp#27;[38;5;32m[AndroidUiautomator2Driver@0d20 (aedefdf3)]&amp#27;[0m Got response with status 200: {"sessionId":"54cf9874-69e8-4b1e-91e2-7500eebccec6","value":{"ELEMENT":"00000000-0000-026a-ffff-ffff00000036","element-6066-11e4-a52e-4f735466cecf":"00000000-0000-026a-ffff-ffff00000036"}}
&amp#27;[38;5;32m[AndroidUiautomator2Driver@0d20 (aedefdf3)]&amp#27;[0m Responding to client with driver.findElement() result: {"element-6066-11e4-a52e-4f735466cecf":"00000000-0000-026a-ffff-ffff00000036","ELEMENT":"00000000-0000-026a-ffff-ffff00000036"}
&amp#27;[38;5;0m[HTTP]&amp#27;[0m &amp#27;[37m<-- POST /session/aedefdf3-4e81-43b1-be77-29b9d71e4b04/element &amp#27;[39m&amp#27;[32m200&amp#27;[39m &amp#27;[90m150 ms - 137&amp#27;[39m
&amp#27;[38;5;0m[HTTP]&amp#27;[0m &amp#27;[90m&amp#27;[39m
&amp#27;[38;5;0m[HTTP]&amp#27;[0m &amp#27;[37m-->&amp#27;[39m &amp#27;[37mGET&amp#27;[39m &amp#27;[37m/session/aedefdf3-4e81-43b1-be77-29b9d71e4b04/element/00000000-0000-026a-ffff-ffff00000036/text&amp#27;[39m
&amp#27;[38;5;0m[HTTP]&amp#27;[0m &amp#27;[90m{}&amp#27;[39m
&amp#27;[38;5;32m[AndroidUiautomator2Driver@0d20 (aedefdf3)]&amp#27;[0m Driver proxy active, passing request on via HTTP proxy
&amp#27;[38;5;32m[AndroidUiautomator2Driver@0d20 (aedefdf3)]&amp#27;[0m Matched '/session/aedefdf3-4e81-43b1-be77-29b9d71e4b04/element/00000000-0000-026a-ffff-ffff00000036/text' to command name 'getText'
&amp#27;[38;5;32m[AndroidUiautomator2Driver@0d20 (aedefdf3)]&amp#27;[0m Proxying [GET /session/aedefdf3-4e81-43b1-be77-29b9d71e4b04/element/00000000-0000-026a-ffff-ffff00000036/text] to [GET http://127.0.0.1:8211/session/54cf9874-69e8-4b1e-91e2-7500eebccec6/element/00000000-0000-026a-ffff-ffff00000036/text] with no body
&amp#27;[38;5;32m[AndroidUiautomator2Driver@0d20 (aedefdf3)]&amp#27;[0m Got response with status 200: {"sessionId":"54cf9874-69e8-4b1e-91e2-7500eebccec6","value":"$29.99"}
&amp#27;[38;5;32m[AndroidUiautomator2Driver@0d20 (aedefdf3)]&amp#27;[0m Replacing sessionId 54cf9874-69e8-4b1e-91e2-7500eebccec6 with aedefdf3-4e81-43b1-be77-29b9d71e4b04
&amp#27;[38;5;0m[HTTP]&amp#27;[0m &amp#27;[37m<-- GET /session/aedefdf3-4e81-43b1-be77-29b9d71e4b04/element/00000000-0000-026a-ffff-ffff00000036/text &amp#27;[39m&amp#27;[32m200&amp#27;[39m &amp#27;[90m12 ms - 69&amp#27;[39m
&amp#27;[38;5;0m[HTTP]&amp#27;[0m &amp#27;[90m&amp#27;[39m
&amp#27;[38;5;0m[HTTP]&amp#27;[0m &amp#27;[37m-->&amp#27;[39m &amp#27;[37mPOST&amp#27;[39m &amp#27;[37m/session/aedefdf3-4e81-43b1-be77-29b9d71e4b04/element&amp#27;[39m
&amp#27;[38;5;0m[HTTP]&amp#27;[0m &amp#27;[90m{"value":"(//android.widget.TextView[@content-desc=\"store item text\"])[1]","using":"xpath"}&amp#27;[39m
&amp#27;[38;5;32m[AndroidUiautomator2Driver@0d20 (aedefdf3)]&amp#27;[0m Calling AppiumDriver.findElement() with args: ["xpath","(//android.widget.TextView[@content-desc=\"store item text\"])[1]","aedefdf3-4e81-43b1-be77-29b9d71e4b04"]
&amp#27;[38;5;32m[AndroidUiautomator2Driver@0d20 (aedefdf3)]&amp#27;[0m Valid locator strategies for this request: xpath, id, class name, accessibility id, css selector, -android uiautomator
&amp#27;[38;5;32m[AndroidUiautomator2Driver@0d20 (aedefdf3)]&amp#27;[0m Waiting up to 0 ms for condition
&amp#27;[38;5;32m[AndroidUiautomator2Driver@0d20 (aedefdf3)]&amp#27;[0m Matched '/element' to command name 'findElement'
&amp#27;[38;5;32m[AndroidUiautomator2Driver@0d20 (aedefdf3)]&amp#27;[0m Proxying [POST /element] to [POST http://127.0.0.1:8211/session/54cf9874-69e8-4b1e-91e2-7500eebccec6/element] with body: {"strategy":"xpath","selector":"(//android.widget.TextView[@content-desc=\"store item text\"])[1]","context":"","multiple":false}
&amp#27;[38;5;32m[AndroidUiautomator2Driver@0d20 (aedefdf3)]&amp#27;[0m Got response with status 200: {"sessionId":"54cf9874-69e8-4b1e-91e2-7500eebccec6","value":{"ELEMENT":"00000000-0000-026a-ffff-ffff00000035","element-6066-11e4-a52e-4f735466cecf":"00000000-0000-026a-ffff-ffff00000035"}}
&amp#27;[38;5;32m[AndroidUiautomator2Driver@0d20 (aedefdf3)]&amp#27;[0m Responding to client with driver.findElement() result: {"element-6066-11e4-a52e-4f735466cecf":"00000000-0000-026a-ffff-ffff00000035","ELEMENT":"00000000-0000-026a-ffff-ffff00000035"}
&amp#27;[38;5;0m[HTTP]&amp#27;[0m &amp#27;[37m<-- POST /session/aedefdf3-4e81-43b1-be77-29b9d71e4b04/element &amp#27;[39m&amp#27;[32m200&amp#27;[39m &amp#27;[90m138 ms - 137&amp#27;[39m
&amp#27;[38;5;0m[HTTP]&amp#27;[0m &amp#27;[90m&amp#27;[39m
&amp#27;[38;5;0m[HTTP]&amp#27;[0m &amp#27;[37m-->&amp#27;[39m &amp#27;[37mGET&amp#27;[39m &amp#27;[37m/session/aedefdf3-4e81-43b1-be77-29b9d71e4b04/element/00000000-0000-026a-ffff-ffff00000035/text&amp#27;[39m
&amp#27;[38;5;0m[HTTP]&amp#27;[0m &amp#27;[90m{}&amp#27;[39m
&amp#27;[38;5;32m[AndroidUiautomator2Driver@0d20 (aedefdf3)]&amp#27;[0m Driver proxy active, passing request on via HTTP proxy
&amp#27;[38;5;32m[AndroidUiautomator2Driver@0d20 (aedefdf3)]&amp#27;[0m Matched '/session/aedefdf3-4e81-43b1-be77-29b9d71e4b04/element/00000000-0000-026a-ffff-ffff00000035/text' to command name 'getText'
&amp#27;[38;5;32m[AndroidUiautomator2Driver@0d20 (aedefdf3)]&amp#27;[0m Proxying [GET /session/aedefdf3-4e81-43b1-be77-29b9d71e4b04/element/00000000-0000-026a-ffff-ffff00000035/text] to [GET http://127.0.0.1:8211/session/54cf9874-69e8-4b1e-91e2-7500eebccec6/element/00000000-0000-026a-ffff-ffff00000035/text] with no body
&amp#27;[38;5;32m[AndroidUiautomator2Driver@0d20 (aedefdf3)]&amp#27;[0m Got response with status 200: {"sessionId":"54cf9874-69e8-4b1e-91e2-7500eebccec6","value":"Sauce Labs Backpack"}
&amp#27;[38;5;32m[AndroidUiautomator2Driver@0d20 (aedefdf3)]&amp#27;[0m Replacing sessionId 54cf9874-69e8-4b1e-91e2-7500eebccec6 with aedefdf3-4e81-43b1-be77-29b9d71e4b04
&amp#27;[38;5;0m[HTTP]&amp#27;[0m &amp#27;[37m<-- GET /session/aedefdf3-4e81-43b1-be77-29b9d71e4b04/element/00000000-0000-026a-ffff-ffff00000035/text &amp#27;[39m&amp#27;[32m200&amp#27;[39m &amp#27;[90m11 ms - 82&amp#27;[39m
&amp#27;[38;5;0m[HTTP]&amp#27;[0m &amp#27;[90m&amp#27;[39m
]]></system-out>
  </testcase>
  <testcase name="test_1" classname="tests.android.RestAssuredTest" time="1.147">
    <system-out><![CDATA[200
462
{"page":2,"per_page":6,"total":12,"total_pages":2,"data":[{"id":7,"email":"michael.lawson@reqres.in","first_name":"Michael","last_name":"Lawson","avatar":"https://reqres.in/img/faces/7-image.jpg"},{"id":8,"email":"lindsay.ferguson@reqres.in","first_name":"Lindsay","last_name":"Ferguson","avatar":"https://reqres.in/img/faces/8-image.jpg"},{"id":9,"email":"tobias.funke@reqres.in","first_name":"Tobias","last_name":"Funke","avatar":"https://reqres.in/img/faces/9-image.jpg"},{"id":10,"email":"byron.fields@reqres.in","first_name":"Byron","last_name":"Fields","avatar":"https://reqres.in/img/faces/10-image.jpg"},{"id":11,"email":"george.edwards@reqres.in","first_name":"George","last_name":"Edwards","avatar":"https://reqres.in/img/faces/11-image.jpg"},{"id":12,"email":"rachel.howell@reqres.in","first_name":"Rachel","last_name":"Howell","avatar":"https://reqres.in/img/faces/12-image.jpg"}],"support":{"url":"https://reqres.in/#support-heading","text":"To keep ReqRes free, contributions towards server costs are appreciated!"}}
HTTP/1.1 200 OK
application/json; charset=utf-8
]]></system-out>
  </testcase>
  <testcase name="test_2" classname="tests.android.RestAssuredTest" time="0.538"/>
</testsuite>