<?xml version="1.0" encoding="UTF-8"?>
<testng-results ignored="0" total="1" passed="1" failed="0" skipped="0">
  <reporter-output>
  </reporter-output>
  <suite started-at="2024-02-25T23:22:36 MYT" name="Default suite" finished-at="2024-02-25T23:22:39 MYT" duration-ms="2700">
    <groups>
    </groups>
    <test started-at="2024-02-25T23:22:36 MYT" name="Default test" finished-at="2024-02-25T23:22:39 MYT" duration-ms="2700">
      <class name="tests.android.Todoits">
        <test-method signature="CreateTask()[pri:0, instance:tests.android.Todoits@1ab3a8c8]" started-at="2024-02-25T23:22:36 MYT" name="CreateTask" finished-at="2024-02-25T23:22:39 MYT" duration-ms="2664" status="PASS">
          <reporter-output>
          </reporter-output>
        </test-method> <!-- CreateTask -->
      </class> <!-- tests.android.Todoits -->
    </test> <!-- Default test -->
  </suite> <!-- Default suite -->
</testng-results>
